CRITICAL - 2022-12-22 02:22:28 --> syntax error, unexpected token "==", expecting ")"
in APPPATH\Controllers\Regsosek2022.php on line 47.
 1 SYSTEMPATH\Autoloader\Autoloader.php(259): CodeIgniter\Autoloader\Autoloader->includeFile('APPPATH\\Controllers\\Regsosek2022.php')
 2 SYSTEMPATH\Autoloader\Autoloader.php(237): CodeIgniter\Autoloader\Autoloader->loadInNamespace('App\\Controllers\\Regsosek2022')
 3 [internal function]: CodeIgniter\Autoloader\Autoloader->loadClass('App\\Controllers\\Regsosek2022')
 4 SYSTEMPATH\CodeIgniter.php(877): class_exists('\\App\\Controllers\\Regsosek2022', true)
 5 SYSTEMPATH\CodeIgniter.php(469): CodeIgniter\CodeIgniter->startController()
 6 SYSTEMPATH\CodeIgniter.php(351): CodeIgniter\CodeIgniter->handleRequest(null, Object(Config\Cache), false)
 7 FCPATH\index.php(67): CodeIgniter\CodeIgniter->run()
 8 SYSTEMPATH\Commands\Server\rewrite.php(46): require_once('FCPATH\\index.php')
CRITICAL - 2022-12-22 02:22:49 --> Too few arguments to function App\Controllers\Regsosek2022::absensi(), 0 passed in C:\xampp7\htdocs\mitra\vendor\codeigniter4\framework\system\CodeIgniter.php on line 927 and exactly 1 expected
in APPPATH\Controllers\Regsosek2022.php on line 47.
 1 SYSTEMPATH\CodeIgniter.php(927): App\Controllers\Regsosek2022->absensi()
 2 SYSTEMPATH\CodeIgniter.php(482): CodeIgniter\CodeIgniter->runController(Object(App\Controllers\Regsosek2022))
 3 SYSTEMPATH\CodeIgniter.php(351): CodeIgniter\CodeIgniter->handleRequest(null, Object(Config\Cache), false)
 4 FCPATH\index.php(67): CodeIgniter\CodeIgniter->run()
 5 SYSTEMPATH\Commands\Server\rewrite.php(46): require_once('FCPATH\\index.php')
ERROR - 2022-12-22 03:05:07 --> Error connecting to the database: mysqli_sql_exception: No connection could be made because the target machine actively refused it in C:\xampp\htdocs\mitra-regsosek\vendor\codeigniter4\framework\system\Database\MySQLi\Connection.php:171
Stack trace:
#0 C:\xampp\htdocs\mitra-regsosek\vendor\codeigniter4\framework\system\Database\MySQLi\Connection.php(171): mysqli->real_connect('localhost', 'root', '', 'bps1206', 3306, '', 0)
#1 C:\xampp\htdocs\mitra-regsosek\vendor\codeigniter4\framework\system\Database\BaseConnection.php(382): CodeIgniter\Database\MySQLi\Connection->connect(false)
#2 C:\xampp\htdocs\mitra-regsosek\vendor\codeigniter4\framework\system\Database\BaseConnection.php(561): CodeIgniter\Database\BaseConnection->initialize()
#3 C:\xampp\htdocs\mitra-regsosek\vendor\codeigniter4\framework\system\Database\BaseBuilder.php(1585): CodeIgniter\Database\BaseConnection->query('SELECT *\nFROM `...', Array, false)
#4 C:\xampp\htdocs\mitra-regsosek\vendor\codeigniter4\framework\system\Model.php(250): CodeIgniter\Database\BaseBuilder->get()
#5 C:\xampp\htdocs\mitra-regsosek\vendor\codeigniter4\framework\system\BaseModel.php(623): CodeIgniter\Model->doFirst()
#6 C:\xampp\htdocs\mitra-regsosek\vendor\myth\auth\src\Authentication\LocalAuthenticator.php(140): CodeIgniter\BaseModel->first()
#7 C:\xampp\htdocs\mitra-regsosek\vendor\myth\auth\src\Authentication\LocalAuthenticator.php(19): Myth\Auth\Authentication\LocalAuthenticator->validate(Array, true)
#8 C:\xampp\htdocs\mitra-regsosek\vendor\myth\auth\src\Controllers\AuthController.php(89): Myth\Auth\Authentication\LocalAuthenticator->attempt(Array, false)
#9 C:\xampp\htdocs\mitra-regsosek\vendor\codeigniter4\framework\system\CodeIgniter.php(927): Myth\Auth\Controllers\AuthController->attemptLogin()
#10 C:\xampp\htdocs\mitra-regsosek\vendor\codeigniter4\framework\system\CodeIgniter.php(482): CodeIgniter\CodeIgniter->runController(Object(Myth\Auth\Controllers\AuthController))
#11 C:\xampp\htdocs\mitra-regsosek\vendor\codeigniter4\framework\system\CodeIgniter.php(351): CodeIgniter\CodeIgniter->handleRequest(NULL, Object(Config\Cache), false)
#12 C:\xampp\htdocs\mitra-regsosek\public\index.php(67): CodeIgniter\CodeIgniter->run()
#13 C:\xampp\htdocs\mitra-regsosek\vendor\codeigniter4\framework\system\Commands\Server\rewrite.php(46): require_once('C:\\xampp\\htdocs...')
#14 {main}

Next CodeIgniter\Database\Exceptions\DatabaseException: No connection could be made because the target machine actively refused it in C:\xampp\htdocs\mitra-regsosek\vendor\codeigniter4\framework\system\Database\MySQLi\Connection.php:215
Stack trace:
#0 C:\xampp\htdocs\mitra-regsosek\vendor\codeigniter4\framework\system\Database\BaseConnection.php(382): CodeIgniter\Database\MySQLi\Connection->connect(false)
#1 C:\xampp\htdocs\mitra-regsosek\vendor\codeigniter4\framework\system\Database\BaseConnection.php(561): CodeIgniter\Database\BaseConnection->initialize()
#2 C:\xampp\htdocs\mitra-regsosek\vendor\codeigniter4\framework\system\Database\BaseBuilder.php(1585): CodeIgniter\Database\BaseConnection->query('SELECT *\nFROM `...', Array, false)
#3 C:\xampp\htdocs\mitra-regsosek\vendor\codeigniter4\framework\system\Model.php(250): CodeIgniter\Database\BaseBuilder->get()
#4 C:\xampp\htdocs\mitra-regsosek\vendor\codeigniter4\framework\system\BaseModel.php(623): CodeIgniter\Model->doFirst()
#5 C:\xampp\htdocs\mitra-regsosek\vendor\myth\auth\src\Authentication\LocalAuthenticator.php(140): CodeIgniter\BaseModel->first()
#6 C:\xampp\htdocs\mitra-regsosek\vendor\myth\auth\src\Authentication\LocalAuthenticator.php(19): Myth\Auth\Authentication\LocalAuthenticator->validate(Array, true)
#7 C:\xampp\htdocs\mitra-regsosek\vendor\myth\auth\src\Controllers\AuthController.php(89): Myth\Auth\Authentication\LocalAuthenticator->attempt(Array, false)
#8 C:\xampp\htdocs\mitra-regsosek\vendor\codeigniter4\framework\system\CodeIgniter.php(927): Myth\Auth\Controllers\AuthController->attemptLogin()
#9 C:\xampp\htdocs\mitra-regsosek\vendor\codeigniter4\framework\system\CodeIgniter.php(482): CodeIgniter\CodeIgniter->runController(Object(Myth\Auth\Controllers\AuthController))
#10 C:\xampp\htdocs\mitra-regsosek\vendor\codeigniter4\framework\system\CodeIgniter.php(351): CodeIgniter\CodeIgniter->handleRequest(NULL, Object(Config\Cache), false)
#11 C:\xampp\htdocs\mitra-regsosek\public\index.php(67): CodeIgniter\CodeIgniter->run()
#12 C:\xampp\htdocs\mitra-regsosek\vendor\codeigniter4\framework\system\Commands\Server\rewrite.php(46): require_once('C:\\xampp\\htdocs...')
#13 {main}
CRITICAL - 2022-12-22 03:05:07 --> Unable to connect to the database.
Main connection [MySQLi]: No connection could be made because the target machine actively refused it
in SYSTEMPATH\Database\BaseConnection.php on line 418.
 1 SYSTEMPATH\Database\BaseConnection.php(561): CodeIgniter\Database\BaseConnection->initialize()
 2 SYSTEMPATH\Database\BaseBuilder.php(1585): CodeIgniter\Database\BaseConnection->query('SELECT *
FROM `users`
WHERE `email` = :email:
AND `users`.`deleted_at` IS NULL
 LIMIT 1', [...], false)
 3 SYSTEMPATH\Model.php(250): CodeIgniter\Database\BaseBuilder->get()
 4 SYSTEMPATH\BaseModel.php(623): CodeIgniter\Model->doFirst()
 5 VENDORPATH\myth\auth\src\Authentication\LocalAuthenticator.php(140): CodeIgniter\BaseModel->first()
 6 VENDORPATH\myth\auth\src\Authentication\LocalAuthenticator.php(19): Myth\Auth\Authentication\LocalAuthenticator->validate([...], true)
 7 VENDORPATH\myth\auth\src\Controllers\AuthController.php(89): Myth\Auth\Authentication\LocalAuthenticator->attempt([...], false)
 8 SYSTEMPATH\CodeIgniter.php(927): Myth\Auth\Controllers\AuthController->attemptLogin()
 9 SYSTEMPATH\CodeIgniter.php(482): CodeIgniter\CodeIgniter->runController(Object(Myth\Auth\Controllers\AuthController))
10 SYSTEMPATH\CodeIgniter.php(351): CodeIgniter\CodeIgniter->handleRequest(null, Object(Config\Cache), false)
11 FCPATH\index.php(67): CodeIgniter\CodeIgniter->run()
12 SYSTEMPATH\Commands\Server\rewrite.php(46): require_once('FCPATH\\index.php')
CRITICAL - 2022-12-22 16:28:55 --> Attempt to read property "date" on array
in APPPATH\Controllers\Regsosek2022.php on line 60.
 1 APPPATH\Controllers\Regsosek2022.php(60): CodeIgniter\Debug\Exceptions->errorHandler(2, 'Attempt to read property "date" on array', 'APPPATH\\Controllers\\Regsosek2022.php', 60)
 2 SYSTEMPATH\CodeIgniter.php(927): App\Controllers\Regsosek2022->absensi('pulang')
 3 SYSTEMPATH\CodeIgniter.php(482): CodeIgniter\CodeIgniter->runController(Object(App\Controllers\Regsosek2022))
 4 SYSTEMPATH\CodeIgniter.php(351): CodeIgniter\CodeIgniter->handleRequest(null, Object(Config\Cache), false)
 5 FCPATH\index.php(67): CodeIgniter\CodeIgniter->run()
 6 SYSTEMPATH\Commands\Server\rewrite.php(46): require_once('FCPATH\\index.php')
CRITICAL - 2022-12-22 16:30:08 --> Trying to access array offset on value of type null
in APPPATH\Controllers\Regsosek2022.php on line 60.
 1 APPPATH\Controllers\Regsosek2022.php(60): CodeIgniter\Debug\Exceptions->errorHandler(2, 'Trying to access array offset on value of type null', 'APPPATH\\Controllers\\Regsosek2022.php', 60)
 2 SYSTEMPATH\CodeIgniter.php(927): App\Controllers\Regsosek2022->absensi('pulang')
 3 SYSTEMPATH\CodeIgniter.php(482): CodeIgniter\CodeIgniter->runController(Object(App\Controllers\Regsosek2022))
 4 SYSTEMPATH\CodeIgniter.php(351): CodeIgniter\CodeIgniter->handleRequest(null, Object(Config\Cache), false)
 5 FCPATH\index.php(67): CodeIgniter\CodeIgniter->run()
 6 SYSTEMPATH\Commands\Server\rewrite.php(46): require_once('FCPATH\\index.php')
CRITICAL - 2022-12-22 16:31:15 --> Trying to access array offset on value of type null
in APPPATH\Controllers\Regsosek2022.php on line 60.
 1 APPPATH\Controllers\Regsosek2022.php(60): CodeIgniter\Debug\Exceptions->errorHandler(2, 'Trying to access array offset on value of type null', 'APPPATH\\Controllers\\Regsosek2022.php', 60)
 2 SYSTEMPATH\CodeIgniter.php(927): App\Controllers\Regsosek2022->absensi('pulang')
 3 SYSTEMPATH\CodeIgniter.php(482): CodeIgniter\CodeIgniter->runController(Object(App\Controllers\Regsosek2022))
 4 SYSTEMPATH\CodeIgniter.php(351): CodeIgniter\CodeIgniter->handleRequest(null, Object(Config\Cache), false)
 5 FCPATH\index.php(67): CodeIgniter\CodeIgniter->run()
 6 SYSTEMPATH\Commands\Server\rewrite.php(46): require_once('FCPATH\\index.php')
CRITICAL - 2022-12-22 16:31:28 --> Trying to access array offset on value of type null
in APPPATH\Controllers\Regsosek2022.php on line 60.
 1 APPPATH\Controllers\Regsosek2022.php(60): CodeIgniter\Debug\Exceptions->errorHandler(2, 'Trying to access array offset on value of type null', 'APPPATH\\Controllers\\Regsosek2022.php', 60)
 2 SYSTEMPATH\CodeIgniter.php(927): App\Controllers\Regsosek2022->absensi('pulang')
 3 SYSTEMPATH\CodeIgniter.php(482): CodeIgniter\CodeIgniter->runController(Object(App\Controllers\Regsosek2022))
 4 SYSTEMPATH\CodeIgniter.php(351): CodeIgniter\CodeIgniter->handleRequest(null, Object(Config\Cache), false)
 5 FCPATH\index.php(67): CodeIgniter\CodeIgniter->run()
 6 SYSTEMPATH\Commands\Server\rewrite.php(46): require_once('FCPATH\\index.php')
ERROR - 2022-12-22 16:35:26 --> mysqli_sql_exception: Unknown column 'tanggal' in 'field list' in C:\xampp\htdocs\mitra-regsosek\vendor\codeigniter4\framework\system\Database\MySQLi\Connection.php:292
Stack trace:
#0 C:\xampp\htdocs\mitra-regsosek\vendor\codeigniter4\framework\system\Database\MySQLi\Connection.php(292): mysqli->query('INSERT INTO `re...', 0)
#1 C:\xampp\htdocs\mitra-regsosek\vendor\codeigniter4\framework\system\Database\BaseConnection.php(666): CodeIgniter\Database\MySQLi\Connection->execute('INSERT INTO `re...')
#2 C:\xampp\htdocs\mitra-regsosek\vendor\codeigniter4\framework\system\Database\BaseConnection.php(593): CodeIgniter\Database\BaseConnection->simpleQuery('INSERT INTO `re...')
#3 C:\xampp\htdocs\mitra-regsosek\vendor\codeigniter4\framework\system\Database\BaseBuilder.php(1916): CodeIgniter\Database\BaseConnection->query('INSERT INTO `re...', Array, false)
#4 C:\xampp\htdocs\mitra-regsosek\app\Controllers\Regsosek2022.php(65): CodeIgniter\Database\BaseBuilder->insert(Array)
#5 C:\xampp\htdocs\mitra-regsosek\vendor\codeigniter4\framework\system\CodeIgniter.php(927): App\Controllers\Regsosek2022->absensi('pulang')
#6 C:\xampp\htdocs\mitra-regsosek\vendor\codeigniter4\framework\system\CodeIgniter.php(482): CodeIgniter\CodeIgniter->runController(Object(App\Controllers\Regsosek2022))
#7 C:\xampp\htdocs\mitra-regsosek\vendor\codeigniter4\framework\system\CodeIgniter.php(351): CodeIgniter\CodeIgniter->handleRequest(NULL, Object(Config\Cache), false)
#8 C:\xampp\htdocs\mitra-regsosek\public\index.php(67): CodeIgniter\CodeIgniter->run()
#9 C:\xampp\htdocs\mitra-regsosek\vendor\codeigniter4\framework\system\Commands\Server\rewrite.php(46): require_once('C:\\xampp\\htdocs...')
#10 {main}
CRITICAL - 2022-12-22 16:35:26 --> Unknown column 'tanggal' in 'field list'
in SYSTEMPATH\Database\MySQLi\Connection.php on line 292.
 1 SYSTEMPATH\Database\MySQLi\Connection.php(292): mysqli->query('INSERT INTO `regsosek2022_absensi` (`email`, `tanggal`, `status`) VALUES (\'bernaldo.n70@gmail.com\', \'2022-12-22 16:35:26\', \'pulang\')', 0)
 2 SYSTEMPATH\Database\BaseConnection.php(666): CodeIgniter\Database\MySQLi\Connection->execute('INSERT INTO `regsosek2022_absensi` (`email`, `tanggal`, `status`) VALUES (\'bernaldo.n70@gmail.com\', \'2022-12-22 16:35:26\', \'pulang\')')
 3 SYSTEMPATH\Database\BaseConnection.php(593): CodeIgniter\Database\BaseConnection->simpleQuery('INSERT INTO `regsosek2022_absensi` (`email`, `tanggal`, `status`) VALUES (\'bernaldo.n70@gmail.com\', \'2022-12-22 16:35:26\', \'pulang\')')
 4 SYSTEMPATH\Database\BaseBuilder.php(1916): CodeIgniter\Database\BaseConnection->query('INSERT INTO `regsosek2022_absensi` (`email`, `tanggal`, `status`) VALUES (:email:, :tanggal:, :status:)', [...], false)
 5 APPPATH\Controllers\Regsosek2022.php(65): CodeIgniter\Database\BaseBuilder->insert([...])
 6 SYSTEMPATH\CodeIgniter.php(927): App\Controllers\Regsosek2022->absensi('pulang')
 7 SYSTEMPATH\CodeIgniter.php(482): CodeIgniter\CodeIgniter->runController(Object(App\Controllers\Regsosek2022))
 8 SYSTEMPATH\CodeIgniter.php(351): CodeIgniter\CodeIgniter->handleRequest(null, Object(Config\Cache), false)
 9 FCPATH\index.php(67): CodeIgniter\CodeIgniter->run()
10 SYSTEMPATH\Commands\Server\rewrite.php(46): require_once('FCPATH\\index.php')
ERROR - 2022-12-22 16:35:40 --> mysqli_sql_exception: Unknown column 'tanggal' in 'field list' in C:\xampp\htdocs\mitra-regsosek\vendor\codeigniter4\framework\system\Database\MySQLi\Connection.php:292
Stack trace:
#0 C:\xampp\htdocs\mitra-regsosek\vendor\codeigniter4\framework\system\Database\MySQLi\Connection.php(292): mysqli->query('INSERT INTO `re...', 0)
#1 C:\xampp\htdocs\mitra-regsosek\vendor\codeigniter4\framework\system\Database\BaseConnection.php(666): CodeIgniter\Database\MySQLi\Connection->execute('INSERT INTO `re...')
#2 C:\xampp\htdocs\mitra-regsosek\vendor\codeigniter4\framework\system\Database\BaseConnection.php(593): CodeIgniter\Database\BaseConnection->simpleQuery('INSERT INTO `re...')
#3 C:\xampp\htdocs\mitra-regsosek\vendor\codeigniter4\framework\system\Database\BaseBuilder.php(1916): CodeIgniter\Database\BaseConnection->query('INSERT INTO `re...', Array, false)
#4 C:\xampp\htdocs\mitra-regsosek\app\Controllers\Regsosek2022.php(65): CodeIgniter\Database\BaseBuilder->insert(Array)
#5 C:\xampp\htdocs\mitra-regsosek\vendor\codeigniter4\framework\system\CodeIgniter.php(927): App\Controllers\Regsosek2022->absensi('pulang')
#6 C:\xampp\htdocs\mitra-regsosek\vendor\codeigniter4\framework\system\CodeIgniter.php(482): CodeIgniter\CodeIgniter->runController(Object(App\Controllers\Regsosek2022))
#7 C:\xampp\htdocs\mitra-regsosek\vendor\codeigniter4\framework\system\CodeIgniter.php(351): CodeIgniter\CodeIgniter->handleRequest(NULL, Object(Config\Cache), false)
#8 C:\xampp\htdocs\mitra-regsosek\public\index.php(67): CodeIgniter\CodeIgniter->run()
#9 C:\xampp\htdocs\mitra-regsosek\vendor\codeigniter4\framework\system\Commands\Server\rewrite.php(46): require_once('C:\\xampp\\htdocs...')
#10 {main}
CRITICAL - 2022-12-22 16:35:40 --> Unknown column 'tanggal' in 'field list'
in SYSTEMPATH\Database\MySQLi\Connection.php on line 292.
 1 SYSTEMPATH\Database\MySQLi\Connection.php(292): mysqli->query('INSERT INTO `regsosek2022_absensi` (`email`, `tanggal`, `status`) VALUES (\'bernaldo.n70@gmail.com\', \'2022-12-22 16:35:40\', \'pulang\')', 0)
 2 SYSTEMPATH\Database\BaseConnection.php(666): CodeIgniter\Database\MySQLi\Connection->execute('INSERT INTO `regsosek2022_absensi` (`email`, `tanggal`, `status`) VALUES (\'bernaldo.n70@gmail.com\', \'2022-12-22 16:35:40\', \'pulang\')')
 3 SYSTEMPATH\Database\BaseConnection.php(593): CodeIgniter\Database\BaseConnection->simpleQuery('INSERT INTO `regsosek2022_absensi` (`email`, `tanggal`, `status`) VALUES (\'bernaldo.n70@gmail.com\', \'2022-12-22 16:35:40\', \'pulang\')')
 4 SYSTEMPATH\Database\BaseBuilder.php(1916): CodeIgniter\Database\BaseConnection->query('INSERT INTO `regsosek2022_absensi` (`email`, `tanggal`, `status`) VALUES (:email:, :tanggal:, :status:)', [...], false)
 5 APPPATH\Controllers\Regsosek2022.php(65): CodeIgniter\Database\BaseBuilder->insert([...])
 6 SYSTEMPATH\CodeIgniter.php(927): App\Controllers\Regsosek2022->absensi('pulang')
 7 SYSTEMPATH\CodeIgniter.php(482): CodeIgniter\CodeIgniter->runController(Object(App\Controllers\Regsosek2022))
 8 SYSTEMPATH\CodeIgniter.php(351): CodeIgniter\CodeIgniter->handleRequest(null, Object(Config\Cache), false)
 9 FCPATH\index.php(67): CodeIgniter\CodeIgniter->run()
10 SYSTEMPATH\Commands\Server\rewrite.php(46): require_once('FCPATH\\index.php')
CRITICAL - 2022-12-22 16:36:52 --> Call to a member function format() on string
in APPPATH\Controllers\Regsosek2022.php on line 61.
 1 SYSTEMPATH\CodeIgniter.php(927): App\Controllers\Regsosek2022->absensi('pulang')
 2 SYSTEMPATH\CodeIgniter.php(482): CodeIgniter\CodeIgniter->runController(Object(App\Controllers\Regsosek2022))
 3 SYSTEMPATH\CodeIgniter.php(351): CodeIgniter\CodeIgniter->handleRequest(null, Object(Config\Cache), false)
 4 FCPATH\index.php(67): CodeIgniter\CodeIgniter->run()
 5 SYSTEMPATH\Commands\Server\rewrite.php(46): require_once('FCPATH\\index.php')
CRITICAL - 2022-12-22 16:38:51 --> date(): Argument #2 ($timestamp) must be of type ?int, string given
in APPPATH\Controllers\Regsosek2022.php on line 61.
 1 APPPATH\Controllers\Regsosek2022.php(61): date('Y-m-d', '2022-12-22 16:35:52')
 2 SYSTEMPATH\CodeIgniter.php(927): App\Controllers\Regsosek2022->absensi('pulang')
 3 SYSTEMPATH\CodeIgniter.php(482): CodeIgniter\CodeIgniter->runController(Object(App\Controllers\Regsosek2022))
 4 SYSTEMPATH\CodeIgniter.php(351): CodeIgniter\CodeIgniter->handleRequest(null, Object(Config\Cache), false)
 5 FCPATH\index.php(67): CodeIgniter\CodeIgniter->run()
 6 SYSTEMPATH\Commands\Server\rewrite.php(46): require_once('FCPATH\\index.php')
CRITICAL - 2022-12-22 16:39:30 --> strtotime(): Argument #2 ($baseTimestamp) must be of type ?int, string given
in APPPATH\Controllers\Regsosek2022.php on line 61.
 1 APPPATH\Controllers\Regsosek2022.php(61): strtotime('Y-m-d', '2022-12-22 16:35:52')
 2 SYSTEMPATH\CodeIgniter.php(927): App\Controllers\Regsosek2022->absensi('pulang')
 3 SYSTEMPATH\CodeIgniter.php(482): CodeIgniter\CodeIgniter->runController(Object(App\Controllers\Regsosek2022))
 4 SYSTEMPATH\CodeIgniter.php(351): CodeIgniter\CodeIgniter->handleRequest(null, Object(Config\Cache), false)
 5 FCPATH\index.php(67): CodeIgniter\CodeIgniter->run()
 6 SYSTEMPATH\Commands\Server\rewrite.php(46): require_once('FCPATH\\index.php')
CRITICAL - 2022-12-22 16:39:31 --> strtotime(): Argument #2 ($baseTimestamp) must be of type ?int, string given
in APPPATH\Controllers\Regsosek2022.php on line 61.
 1 APPPATH\Controllers\Regsosek2022.php(61): strtotime('Y-m-d', '2022-12-22 16:35:52')
 2 SYSTEMPATH\CodeIgniter.php(927): App\Controllers\Regsosek2022->absensi('pulang')
 3 SYSTEMPATH\CodeIgniter.php(482): CodeIgniter\CodeIgniter->runController(Object(App\Controllers\Regsosek2022))
 4 SYSTEMPATH\CodeIgniter.php(351): CodeIgniter\CodeIgniter->handleRequest(null, Object(Config\Cache), false)
 5 FCPATH\index.php(67): CodeIgniter\CodeIgniter->run()
 6 SYSTEMPATH\Commands\Server\rewrite.php(46): require_once('FCPATH\\index.php')
CRITICAL - 2022-12-22 16:51:09 --> Trying to access array offset on value of type null
in APPPATH\Controllers\Regsosek2022.php on line 61.
 1 APPPATH\Controllers\Regsosek2022.php(61): CodeIgniter\Debug\Exceptions->errorHandler(2, 'Trying to access array offset on value of type null', 'APPPATH\\Controllers\\Regsosek2022.php', 61)
 2 SYSTEMPATH\CodeIgniter.php(927): App\Controllers\Regsosek2022->absensi('datang')
 3 SYSTEMPATH\CodeIgniter.php(482): CodeIgniter\CodeIgniter->runController(Object(App\Controllers\Regsosek2022))
 4 SYSTEMPATH\CodeIgniter.php(351): CodeIgniter\CodeIgniter->handleRequest(null, Object(Config\Cache), false)
 5 FCPATH\index.php(67): CodeIgniter\CodeIgniter->run()
 6 SYSTEMPATH\Commands\Server\rewrite.php(46): require_once('FCPATH\\index.php')
ERROR - 2022-12-22 17:00:38 --> mysqli_sql_exception: Unknown column 'date' in 'field list' in C:\xampp\htdocs\mitra-regsosek\vendor\codeigniter4\framework\system\Database\MySQLi\Connection.php:292
Stack trace:
#0 C:\xampp\htdocs\mitra-regsosek\vendor\codeigniter4\framework\system\Database\MySQLi\Connection.php(292): mysqli->query('INSERT INTO `re...', 0)
#1 C:\xampp\htdocs\mitra-regsosek\vendor\codeigniter4\framework\system\Database\BaseConnection.php(666): CodeIgniter\Database\MySQLi\Connection->execute('INSERT INTO `re...')
#2 C:\xampp\htdocs\mitra-regsosek\vendor\codeigniter4\framework\system\Database\BaseConnection.php(593): CodeIgniter\Database\BaseConnection->simpleQuery('INSERT INTO `re...')
#3 C:\xampp\htdocs\mitra-regsosek\vendor\codeigniter4\framework\system\Database\BaseBuilder.php(1916): CodeIgniter\Database\BaseConnection->query('INSERT INTO `re...', Array, false)
#4 C:\xampp\htdocs\mitra-regsosek\app\Controllers\Regsosek2022.php(85): CodeIgniter\Database\BaseBuilder->insert(Array)
#5 C:\xampp\htdocs\mitra-regsosek\vendor\codeigniter4\framework\system\CodeIgniter.php(927): App\Controllers\Regsosek2022->absensi('datang')
#6 C:\xampp\htdocs\mitra-regsosek\vendor\codeigniter4\framework\system\CodeIgniter.php(482): CodeIgniter\CodeIgniter->runController(Object(App\Controllers\Regsosek2022))
#7 C:\xampp\htdocs\mitra-regsosek\vendor\codeigniter4\framework\system\CodeIgniter.php(351): CodeIgniter\CodeIgniter->handleRequest(NULL, Object(Config\Cache), false)
#8 C:\xampp\htdocs\mitra-regsosek\public\index.php(67): CodeIgniter\CodeIgniter->run()
#9 C:\xampp\htdocs\mitra-regsosek\vendor\codeigniter4\framework\system\Commands\Server\rewrite.php(46): require_once('C:\\xampp\\htdocs...')
#10 {main}
CRITICAL - 2022-12-22 17:00:38 --> Unknown column 'date' in 'field list'
in SYSTEMPATH\Database\MySQLi\Connection.php on line 292.
 1 SYSTEMPATH\Database\MySQLi\Connection.php(292): mysqli->query('INSERT INTO `regsosek2022_absensi` (`email`, `date`, `status`) VALUES (\'bernaldo.n70@gmail.com\', \'17:00:38\', \'datang\')', 0)
 2 SYSTEMPATH\Database\BaseConnection.php(666): CodeIgniter\Database\MySQLi\Connection->execute('INSERT INTO `regsosek2022_absensi` (`email`, `date`, `status`) VALUES (\'bernaldo.n70@gmail.com\', \'17:00:38\', \'datang\')')
 3 SYSTEMPATH\Database\BaseConnection.php(593): CodeIgniter\Database\BaseConnection->simpleQuery('INSERT INTO `regsosek2022_absensi` (`email`, `date`, `status`) VALUES (\'bernaldo.n70@gmail.com\', \'17:00:38\', \'datang\')')
 4 SYSTEMPATH\Database\BaseBuilder.php(1916): CodeIgniter\Database\BaseConnection->query('INSERT INTO `regsosek2022_absensi` (`email`, `date`, `status`) VALUES (:email:, :date:, :status:)', [...], false)
 5 APPPATH\Controllers\Regsosek2022.php(85): CodeIgniter\Database\BaseBuilder->insert([...])
 6 SYSTEMPATH\CodeIgniter.php(927): App\Controllers\Regsosek2022->absensi('datang')
 7 SYSTEMPATH\CodeIgniter.php(482): CodeIgniter\CodeIgniter->runController(Object(App\Controllers\Regsosek2022))
 8 SYSTEMPATH\CodeIgniter.php(351): CodeIgniter\CodeIgniter->handleRequest(null, Object(Config\Cache), false)
 9 FCPATH\index.php(67): CodeIgniter\CodeIgniter->run()
10 SYSTEMPATH\Commands\Server\rewrite.php(46): require_once('FCPATH\\index.php')
ERROR - 2022-12-22 17:02:01 --> mysqli_sql_exception: Unknown column 'date' in 'field list' in C:\xampp\htdocs\mitra-regsosek\vendor\codeigniter4\framework\system\Database\MySQLi\Connection.php:292
Stack trace:
#0 C:\xampp\htdocs\mitra-regsosek\vendor\codeigniter4\framework\system\Database\MySQLi\Connection.php(292): mysqli->query('INSERT INTO `re...', 0)
#1 C:\xampp\htdocs\mitra-regsosek\vendor\codeigniter4\framework\system\Database\BaseConnection.php(666): CodeIgniter\Database\MySQLi\Connection->execute('INSERT INTO `re...')
#2 C:\xampp\htdocs\mitra-regsosek\vendor\codeigniter4\framework\system\Database\BaseConnection.php(593): CodeIgniter\Database\BaseConnection->simpleQuery('INSERT INTO `re...')
#3 C:\xampp\htdocs\mitra-regsosek\vendor\codeigniter4\framework\system\Database\BaseBuilder.php(1916): CodeIgniter\Database\BaseConnection->query('INSERT INTO `re...', Array, false)
#4 C:\xampp\htdocs\mitra-regsosek\app\Controllers\Regsosek2022.php(102): CodeIgniter\Database\BaseBuilder->insert(Array)
#5 C:\xampp\htdocs\mitra-regsosek\vendor\codeigniter4\framework\system\CodeIgniter.php(927): App\Controllers\Regsosek2022->absensi('datang')
#6 C:\xampp\htdocs\mitra-regsosek\vendor\codeigniter4\framework\system\CodeIgniter.php(482): CodeIgniter\CodeIgniter->runController(Object(App\Controllers\Regsosek2022))
#7 C:\xampp\htdocs\mitra-regsosek\vendor\codeigniter4\framework\system\CodeIgniter.php(351): CodeIgniter\CodeIgniter->handleRequest(NULL, Object(Config\Cache), false)
#8 C:\xampp\htdocs\mitra-regsosek\public\index.php(67): CodeIgniter\CodeIgniter->run()
#9 C:\xampp\htdocs\mitra-regsosek\vendor\codeigniter4\framework\system\Commands\Server\rewrite.php(46): require_once('C:\\xampp\\htdocs...')
#10 {main}
CRITICAL - 2022-12-22 17:02:01 --> Unknown column 'date' in 'field list'
in SYSTEMPATH\Database\MySQLi\Connection.php on line 292.
 1 SYSTEMPATH\Database\MySQLi\Connection.php(292): mysqli->query('INSERT INTO `regsosek2022_absensi` (`email`, `date`, `status`) VALUES (\'bernaldo.n70@gmail.com\', \'17:02:01\', \'datang\')', 0)
 2 SYSTEMPATH\Database\BaseConnection.php(666): CodeIgniter\Database\MySQLi\Connection->execute('INSERT INTO `regsosek2022_absensi` (`email`, `date`, `status`) VALUES (\'bernaldo.n70@gmail.com\', \'17:02:01\', \'datang\')')
 3 SYSTEMPATH\Database\BaseConnection.php(593): CodeIgniter\Database\BaseConnection->simpleQuery('INSERT INTO `regsosek2022_absensi` (`email`, `date`, `status`) VALUES (\'bernaldo.n70@gmail.com\', \'17:02:01\', \'datang\')')
 4 SYSTEMPATH\Database\BaseBuilder.php(1916): CodeIgniter\Database\BaseConnection->query('INSERT INTO `regsosek2022_absensi` (`email`, `date`, `status`) VALUES (:email:, :date:, :status:)', [...], false)
 5 APPPATH\Controllers\Regsosek2022.php(102): CodeIgniter\Database\BaseBuilder->insert([...])
 6 SYSTEMPATH\CodeIgniter.php(927): App\Controllers\Regsosek2022->absensi('datang')
 7 SYSTEMPATH\CodeIgniter.php(482): CodeIgniter\CodeIgniter->runController(Object(App\Controllers\Regsosek2022))
 8 SYSTEMPATH\CodeIgniter.php(351): CodeIgniter\CodeIgniter->handleRequest(null, Object(Config\Cache), false)
 9 FCPATH\index.php(67): CodeIgniter\CodeIgniter->run()
10 SYSTEMPATH\Commands\Server\rewrite.php(46): require_once('FCPATH\\index.php')
CRITICAL - 2022-12-22 17:07:09 --> Undefined array key "jam"
in APPPATH\Views\regsosek2022\absensi.php on line 28.
 1 APPPATH\Views\regsosek2022\absensi.php(28): CodeIgniter\Debug\Exceptions->errorHandler(2, 'Undefined array key "jam"', 'APPPATH\\Views\\regsosek2022\\absensi.php', 28)
 2 SYSTEMPATH\View\View.php(213): include('APPPATH\\Views\\regsosek2022\\absensi.php')
 3 SYSTEMPATH\View\View.php(216): CodeIgniter\View\View->CodeIgniter\View\{closure}()
 4 SYSTEMPATH\Common.php(1134): CodeIgniter\View\View->render('regsosek2022/absensi', [], true)
 5 APPPATH\Controllers\Regsosek2022.php(62): view('regsosek2022/absensi', [...])
 6 SYSTEMPATH\CodeIgniter.php(927): App\Controllers\Regsosek2022->absensi()
 7 SYSTEMPATH\CodeIgniter.php(482): CodeIgniter\CodeIgniter->runController(Object(App\Controllers\Regsosek2022))
 8 SYSTEMPATH\CodeIgniter.php(351): CodeIgniter\CodeIgniter->handleRequest(null, Object(Config\Cache), false)
 9 FCPATH\index.php(67): CodeIgniter\CodeIgniter->run()
10 SYSTEMPATH\Commands\Server\rewrite.php(46): require_once('FCPATH\\index.php')
CRITICAL - 2022-12-22 17:07:15 --> Undefined array key "jam"
in APPPATH\Views\regsosek2022\absensi.php on line 28.
 1 APPPATH\Views\regsosek2022\absensi.php(28): CodeIgniter\Debug\Exceptions->errorHandler(2, 'Undefined array key "jam"', 'APPPATH\\Views\\regsosek2022\\absensi.php', 28)
 2 SYSTEMPATH\View\View.php(213): include('APPPATH\\Views\\regsosek2022\\absensi.php')
 3 SYSTEMPATH\View\View.php(216): CodeIgniter\View\View->CodeIgniter\View\{closure}()
 4 SYSTEMPATH\Common.php(1134): CodeIgniter\View\View->render('regsosek2022/absensi', [], true)
 5 APPPATH\Controllers\Regsosek2022.php(62): view('regsosek2022/absensi', [...])
 6 SYSTEMPATH\CodeIgniter.php(927): App\Controllers\Regsosek2022->absensi()
 7 SYSTEMPATH\CodeIgniter.php(482): CodeIgniter\CodeIgniter->runController(Object(App\Controllers\Regsosek2022))
 8 SYSTEMPATH\CodeIgniter.php(351): CodeIgniter\CodeIgniter->handleRequest(null, Object(Config\Cache), false)
 9 FCPATH\index.php(67): CodeIgniter\CodeIgniter->run()
10 SYSTEMPATH\Commands\Server\rewrite.php(46): require_once('FCPATH\\index.php')
CRITICAL - 2022-12-22 17:07:23 --> Array to string conversion
in APPPATH\Views\regsosek2022\absensi.php on line 28.
 1 APPPATH\Views\regsosek2022\absensi.php(28): CodeIgniter\Debug\Exceptions->errorHandler(2, 'Array to string conversion', 'APPPATH\\Views\\regsosek2022\\absensi.php', 28)
 2 SYSTEMPATH\View\View.php(213): include('APPPATH\\Views\\regsosek2022\\absensi.php')
 3 SYSTEMPATH\View\View.php(216): CodeIgniter\View\View->CodeIgniter\View\{closure}()
 4 SYSTEMPATH\Common.php(1134): CodeIgniter\View\View->render('regsosek2022/absensi', [], true)
 5 APPPATH\Controllers\Regsosek2022.php(62): view('regsosek2022/absensi', [...])
 6 SYSTEMPATH\CodeIgniter.php(927): App\Controllers\Regsosek2022->absensi()
 7 SYSTEMPATH\CodeIgniter.php(482): CodeIgniter\CodeIgniter->runController(Object(App\Controllers\Regsosek2022))
 8 SYSTEMPATH\CodeIgniter.php(351): CodeIgniter\CodeIgniter->handleRequest(null, Object(Config\Cache), false)
 9 FCPATH\index.php(67): CodeIgniter\CodeIgniter->run()
10 SYSTEMPATH\Commands\Server\rewrite.php(46): require_once('FCPATH\\index.php')
CRITICAL - 2022-12-22 17:07:31 --> Attempt to read property "jam" on array
in APPPATH\Views\regsosek2022\absensi.php on line 28.
 1 APPPATH\Views\regsosek2022\absensi.php(28): CodeIgniter\Debug\Exceptions->errorHandler(2, 'Attempt to read property "jam" on array', 'APPPATH\\Views\\regsosek2022\\absensi.php', 28)
 2 SYSTEMPATH\View\View.php(213): include('APPPATH\\Views\\regsosek2022\\absensi.php')
 3 SYSTEMPATH\View\View.php(216): CodeIgniter\View\View->CodeIgniter\View\{closure}()
 4 SYSTEMPATH\Common.php(1134): CodeIgniter\View\View->render('regsosek2022/absensi', [], true)
 5 APPPATH\Controllers\Regsosek2022.php(62): view('regsosek2022/absensi', [...])
 6 SYSTEMPATH\CodeIgniter.php(927): App\Controllers\Regsosek2022->absensi()
 7 SYSTEMPATH\CodeIgniter.php(482): CodeIgniter\CodeIgniter->runController(Object(App\Controllers\Regsosek2022))
 8 SYSTEMPATH\CodeIgniter.php(351): CodeIgniter\CodeIgniter->handleRequest(null, Object(Config\Cache), false)
 9 FCPATH\index.php(67): CodeIgniter\CodeIgniter->run()
10 SYSTEMPATH\Commands\Server\rewrite.php(46): require_once('FCPATH\\index.php')
CRITICAL - 2022-12-22 17:08:02 --> Array to string conversion
in APPPATH\Views\regsosek2022\absensi.php on line 28.
 1 APPPATH\Views\regsosek2022\absensi.php(28): CodeIgniter\Debug\Exceptions->errorHandler(2, 'Array to string conversion', 'APPPATH\\Views\\regsosek2022\\absensi.php', 28)
 2 SYSTEMPATH\View\View.php(213): include('APPPATH\\Views\\regsosek2022\\absensi.php')
 3 SYSTEMPATH\View\View.php(216): CodeIgniter\View\View->CodeIgniter\View\{closure}()
 4 SYSTEMPATH\Common.php(1134): CodeIgniter\View\View->render('regsosek2022/absensi', [], true)
 5 APPPATH\Controllers\Regsosek2022.php(62): view('regsosek2022/absensi', [...])
 6 SYSTEMPATH\CodeIgniter.php(927): App\Controllers\Regsosek2022->absensi()
 7 SYSTEMPATH\CodeIgniter.php(482): CodeIgniter\CodeIgniter->runController(Object(App\Controllers\Regsosek2022))
 8 SYSTEMPATH\CodeIgniter.php(351): CodeIgniter\CodeIgniter->handleRequest(null, Object(Config\Cache), false)
 9 FCPATH\index.php(67): CodeIgniter\CodeIgniter->run()
10 SYSTEMPATH\Commands\Server\rewrite.php(46): require_once('FCPATH\\index.php')
CRITICAL - 2022-12-22 17:09:59 --> Undefined variable $Pulang
in APPPATH\Views\regsosek2022\absensi.php on line 37.
 1 APPPATH\Views\regsosek2022\absensi.php(37): CodeIgniter\Debug\Exceptions->errorHandler(2, 'Undefined variable $Pulang', 'APPPATH\\Views\\regsosek2022\\absensi.php', 37)
 2 SYSTEMPATH\View\View.php(213): include('APPPATH\\Views\\regsosek2022\\absensi.php')
 3 SYSTEMPATH\View\View.php(216): CodeIgniter\View\View->CodeIgniter\View\{closure}()
 4 SYSTEMPATH\Common.php(1134): CodeIgniter\View\View->render('regsosek2022/absensi', [], true)
 5 APPPATH\Controllers\Regsosek2022.php(62): view('regsosek2022/absensi', [...])
 6 SYSTEMPATH\CodeIgniter.php(927): App\Controllers\Regsosek2022->absensi()
 7 SYSTEMPATH\CodeIgniter.php(482): CodeIgniter\CodeIgniter->runController(Object(App\Controllers\Regsosek2022))
 8 SYSTEMPATH\CodeIgniter.php(351): CodeIgniter\CodeIgniter->handleRequest(null, Object(Config\Cache), false)
 9 FCPATH\index.php(67): CodeIgniter\CodeIgniter->run()
10 SYSTEMPATH\Commands\Server\rewrite.php(46): require_once('FCPATH\\index.php')
CRITICAL - 2022-12-22 17:10:04 --> Trying to access array offset on value of type null
in APPPATH\Views\regsosek2022\absensi.php on line 37.
 1 APPPATH\Views\regsosek2022\absensi.php(37): CodeIgniter\Debug\Exceptions->errorHandler(2, 'Trying to access array offset on value of type null', 'APPPATH\\Views\\regsosek2022\\absensi.php', 37)
 2 SYSTEMPATH\View\View.php(213): include('APPPATH\\Views\\regsosek2022\\absensi.php')
 3 SYSTEMPATH\View\View.php(216): CodeIgniter\View\View->CodeIgniter\View\{closure}()
 4 SYSTEMPATH\Common.php(1134): CodeIgniter\View\View->render('regsosek2022/absensi', [], true)
 5 APPPATH\Controllers\Regsosek2022.php(62): view('regsosek2022/absensi', [...])
 6 SYSTEMPATH\CodeIgniter.php(927): App\Controllers\Regsosek2022->absensi()
 7 SYSTEMPATH\CodeIgniter.php(482): CodeIgniter\CodeIgniter->runController(Object(App\Controllers\Regsosek2022))
 8 SYSTEMPATH\CodeIgniter.php(351): CodeIgniter\CodeIgniter->handleRequest(null, Object(Config\Cache), false)
 9 FCPATH\index.php(67): CodeIgniter\CodeIgniter->run()
10 SYSTEMPATH\Commands\Server\rewrite.php(46): require_once('FCPATH\\index.php')
ERROR - 2022-12-22 17:13:19 --> mysqli_sql_exception: Unknown column 'tanggal' in 'field list' in C:\xampp7\htdocs\mitra\vendor\codeigniter4\framework\system\Database\MySQLi\Connection.php:292
Stack trace:
#0 C:\xampp7\htdocs\mitra\vendor\codeigniter4\framework\system\Database\MySQLi\Connection.php(292): mysqli->query('INSERT INTO `re...', 0)
#1 C:\xampp7\htdocs\mitra\vendor\codeigniter4\framework\system\Database\BaseConnection.php(666): CodeIgniter\Database\MySQLi\Connection->execute('INSERT INTO `re...')
#2 C:\xampp7\htdocs\mitra\vendor\codeigniter4\framework\system\Database\BaseConnection.php(593): CodeIgniter\Database\BaseConnection->simpleQuery('INSERT INTO `re...')
#3 C:\xampp7\htdocs\mitra\vendor\codeigniter4\framework\system\Database\BaseBuilder.php(1916): CodeIgniter\Database\BaseConnection->query('INSERT INTO `re...', Array, false)
#4 C:\xampp7\htdocs\mitra\app\Controllers\Regsosek2022.php(88): CodeIgniter\Database\BaseBuilder->insert(Array)
#5 C:\xampp7\htdocs\mitra\vendor\codeigniter4\framework\system\CodeIgniter.php(927): App\Controllers\Regsosek2022->absensi('pulang')
#6 C:\xampp7\htdocs\mitra\vendor\codeigniter4\framework\system\CodeIgniter.php(482): CodeIgniter\CodeIgniter->runController(Object(App\Controllers\Regsosek2022))
#7 C:\xampp7\htdocs\mitra\vendor\codeigniter4\framework\system\CodeIgniter.php(351): CodeIgniter\CodeIgniter->handleRequest(NULL, Object(Config\Cache), false)
#8 C:\xampp7\htdocs\mitra\public\index.php(67): CodeIgniter\CodeIgniter->run()
#9 C:\xampp7\htdocs\mitra\vendor\codeigniter4\framework\system\Commands\Server\rewrite.php(46): require_once('C:\\xampp7\\htdoc...')
#10 {main}
CRITICAL - 2022-12-22 17:13:19 --> Unknown column 'tanggal' in 'field list'
in SYSTEMPATH\Database\MySQLi\Connection.php on line 292.
 1 SYSTEMPATH\Database\MySQLi\Connection.php(292): mysqli->query('INSERT INTO `regsosek2022_absensi` (`email`, `tanggal`, `jam`, `status`) VALUES (\'bernaldo.n70@gmail.com\', \'2022-12-22\', \'17:13:19\', \'pulang\')', 0)
 2 SYSTEMPATH\Database\BaseConnection.php(666): CodeIgniter\Database\MySQLi\Connection->execute('INSERT INTO `regsosek2022_absensi` (`email`, `tanggal`, `jam`, `status`) VALUES (\'bernaldo.n70@gmail.com\', \'2022-12-22\', \'17:13:19\', \'pulang\')')
 3 SYSTEMPATH\Database\BaseConnection.php(593): CodeIgniter\Database\BaseConnection->simpleQuery('INSERT INTO `regsosek2022_absensi` (`email`, `tanggal`, `jam`, `status`) VALUES (\'bernaldo.n70@gmail.com\', \'2022-12-22\', \'17:13:19\', \'pulang\')')
 4 SYSTEMPATH\Database\BaseBuilder.php(1916): CodeIgniter\Database\BaseConnection->query('INSERT INTO `regsosek2022_absensi` (`email`, `tanggal`, `jam`, `status`) VALUES (:email:, :tanggal:, :jam:, :status:)', [...], false)
 5 APPPATH\Controllers\Regsosek2022.php(88): CodeIgniter\Database\BaseBuilder->insert([...])
 6 SYSTEMPATH\CodeIgniter.php(927): App\Controllers\Regsosek2022->absensi('pulang')
 7 SYSTEMPATH\CodeIgniter.php(482): CodeIgniter\CodeIgniter->runController(Object(App\Controllers\Regsosek2022))
 8 SYSTEMPATH\CodeIgniter.php(351): CodeIgniter\CodeIgniter->handleRequest(null, Object(Config\Cache), false)
 9 FCPATH\index.php(67): CodeIgniter\CodeIgniter->run()
10 SYSTEMPATH\Commands\Server\rewrite.php(46): require_once('FCPATH\\index.php')
