CRITICAL - 2022-12-21 08:41:39 --> Undefined variable $user
in APPPATH\Views\templates\sidebar.php on line 16.
 1 APPPATH\Views\templates\sidebar.php(16): CodeIgniter\Debug\Exceptions->errorHandler(2, 'Undefined variable $user', 'APPPATH\\Views\\templates\\sidebar.php', 16)
 2 SYSTEMPATH\View\View.php(213): include('APPPATH\\Views\\templates\\sidebar.php')
 3 SYSTEMPATH\View\View.php(216): CodeIgniter\View\View->CodeIgniter\View\{closure}()
 4 SYSTEMPATH\Common.php(1134): CodeIgniter\View\View->render('templates/sidebar', [], true)
 5 APPPATH\Controllers\Home.php(10): view('templates/sidebar')
 6 SYSTEMPATH\CodeIgniter.php(927): App\Controllers\Home->index()
 7 SYSTEMPATH\CodeIgniter.php(482): CodeIgniter\CodeIgniter->runController(Object(App\Controllers\Home))
 8 SYSTEMPATH\CodeIgniter.php(351): CodeIgniter\CodeIgniter->handleRequest(null, Object(Config\Cache), false)
 9 FCPATH\index.php(67): CodeIgniter\CodeIgniter->run()
10 SYSTEMPATH\Commands\Server\rewrite.php(46): require_once('FCPATH\\index.php')
CRITICAL - 2022-12-21 08:42:56 --> Undefined variable $user
in APPPATH\Views\templates\sidebar.php on line 16.
 1 APPPATH\Views\templates\sidebar.php(16): CodeIgniter\Debug\Exceptions->errorHandler(2, 'Undefined variable $user', 'APPPATH\\Views\\templates\\sidebar.php', 16)
 2 SYSTEMPATH\View\View.php(213): include('APPPATH\\Views\\templates\\sidebar.php')
 3 SYSTEMPATH\View\View.php(216): CodeIgniter\View\View->CodeIgniter\View\{closure}()
 4 SYSTEMPATH\Common.php(1134): CodeIgniter\View\View->render('templates/sidebar', [], true)
 5 APPPATH\Controllers\Home.php(10): view('templates/sidebar')
 6 SYSTEMPATH\CodeIgniter.php(927): App\Controllers\Home->index()
 7 SYSTEMPATH\CodeIgniter.php(482): CodeIgniter\CodeIgniter->runController(Object(App\Controllers\Home))
 8 SYSTEMPATH\CodeIgniter.php(351): CodeIgniter\CodeIgniter->handleRequest(null, Object(Config\Cache), false)
 9 FCPATH\index.php(67): CodeIgniter\CodeIgniter->run()
10 SYSTEMPATH\Commands\Server\rewrite.php(46): require_once('FCPATH\\index.php')
CRITICAL - 2022-12-21 08:43:12 --> Undefined variable $user
in APPPATH\Views\templates\sidebar.php on line 16.
 1 APPPATH\Views\templates\sidebar.php(16): CodeIgniter\Debug\Exceptions->errorHandler(2, 'Undefined variable $user', 'APPPATH\\Views\\templates\\sidebar.php', 16)
 2 SYSTEMPATH\View\View.php(213): include('APPPATH\\Views\\templates\\sidebar.php')
 3 SYSTEMPATH\View\View.php(216): CodeIgniter\View\View->CodeIgniter\View\{closure}()
 4 SYSTEMPATH\Common.php(1134): CodeIgniter\View\View->render('templates/sidebar', [], true)
 5 APPPATH\Controllers\Home.php(10): view('templates/sidebar')
 6 SYSTEMPATH\CodeIgniter.php(927): App\Controllers\Home->index()
 7 SYSTEMPATH\CodeIgniter.php(482): CodeIgniter\CodeIgniter->runController(Object(App\Controllers\Home))
 8 SYSTEMPATH\CodeIgniter.php(351): CodeIgniter\CodeIgniter->handleRequest(null, Object(Config\Cache), false)
 9 FCPATH\index.php(67): CodeIgniter\CodeIgniter->run()
10 SYSTEMPATH\Commands\Server\rewrite.php(46): require_once('FCPATH\\index.php')
CRITICAL - 2022-12-21 08:43:13 --> Undefined variable $user
in APPPATH\Views\templates\sidebar.php on line 16.
 1 APPPATH\Views\templates\sidebar.php(16): CodeIgniter\Debug\Exceptions->errorHandler(2, 'Undefined variable $user', 'APPPATH\\Views\\templates\\sidebar.php', 16)
 2 SYSTEMPATH\View\View.php(213): include('APPPATH\\Views\\templates\\sidebar.php')
 3 SYSTEMPATH\View\View.php(216): CodeIgniter\View\View->CodeIgniter\View\{closure}()
 4 SYSTEMPATH\Common.php(1134): CodeIgniter\View\View->render('templates/sidebar', [], true)
 5 APPPATH\Controllers\Home.php(10): view('templates/sidebar')
 6 SYSTEMPATH\CodeIgniter.php(927): App\Controllers\Home->index()
 7 SYSTEMPATH\CodeIgniter.php(482): CodeIgniter\CodeIgniter->runController(Object(App\Controllers\Home))
 8 SYSTEMPATH\CodeIgniter.php(351): CodeIgniter\CodeIgniter->handleRequest(null, Object(Config\Cache), false)
 9 FCPATH\index.php(67): CodeIgniter\CodeIgniter->run()
10 SYSTEMPATH\Commands\Server\rewrite.php(46): require_once('FCPATH\\index.php')
CRITICAL - 2022-12-21 08:43:36 --> Undefined variable $user
in APPPATH\Views\templates\sidebar.php on line 16.
 1 APPPATH\Views\templates\sidebar.php(16): CodeIgniter\Debug\Exceptions->errorHandler(2, 'Undefined variable $user', 'APPPATH\\Views\\templates\\sidebar.php', 16)
 2 SYSTEMPATH\View\View.php(213): include('APPPATH\\Views\\templates\\sidebar.php')
 3 SYSTEMPATH\View\View.php(216): CodeIgniter\View\View->CodeIgniter\View\{closure}()
 4 SYSTEMPATH\Common.php(1134): CodeIgniter\View\View->render('templates/sidebar', [], true)
 5 APPPATH\Controllers\Mitra.php(30): view('templates/sidebar')
 6 SYSTEMPATH\CodeIgniter.php(927): App\Controllers\Mitra->index()
 7 SYSTEMPATH\CodeIgniter.php(482): CodeIgniter\CodeIgniter->runController(Object(App\Controllers\Mitra))
 8 SYSTEMPATH\CodeIgniter.php(351): CodeIgniter\CodeIgniter->handleRequest(null, Object(Config\Cache), false)
 9 FCPATH\index.php(67): CodeIgniter\CodeIgniter->run()
10 SYSTEMPATH\Commands\Server\rewrite.php(46): require_once('FCPATH\\index.php')
CRITICAL - 2022-12-21 08:46:56 --> Undefined variable $user
in APPPATH\Views\templates\sidebar.php on line 16.
 1 APPPATH\Views\templates\sidebar.php(16): CodeIgniter\Debug\Exceptions->errorHandler(2, 'Undefined variable $user', 'APPPATH\\Views\\templates\\sidebar.php', 16)
 2 SYSTEMPATH\View\View.php(213): include('APPPATH\\Views\\templates\\sidebar.php')
 3 SYSTEMPATH\View\View.php(216): CodeIgniter\View\View->CodeIgniter\View\{closure}()
 4 SYSTEMPATH\Common.php(1134): CodeIgniter\View\View->render('templates/sidebar', [], true)
 5 APPPATH\Controllers\Regsosek2022.php(49): view('templates/sidebar', [...])
 6 SYSTEMPATH\CodeIgniter.php(927): App\Controllers\Regsosek2022->index()
 7 SYSTEMPATH\CodeIgniter.php(482): CodeIgniter\CodeIgniter->runController(Object(App\Controllers\Regsosek2022))
 8 SYSTEMPATH\CodeIgniter.php(351): CodeIgniter\CodeIgniter->handleRequest(null, Object(Config\Cache), false)
 9 FCPATH\index.php(67): CodeIgniter\CodeIgniter->run()
10 SYSTEMPATH\Commands\Server\rewrite.php(46): require_once('FCPATH\\index.php')
CRITICAL - 2022-12-21 08:47:12 --> Undefined variable $user
in APPPATH\Views\templates\topbar.php on line 11.
 1 APPPATH\Views\templates\topbar.php(11): CodeIgniter\Debug\Exceptions->errorHandler(2, 'Undefined variable $user', 'APPPATH\\Views\\templates\\topbar.php', 11)
 2 SYSTEMPATH\View\View.php(213): include('APPPATH\\Views\\templates\\topbar.php')
 3 SYSTEMPATH\View\View.php(216): CodeIgniter\View\View->CodeIgniter\View\{closure}()
 4 SYSTEMPATH\Common.php(1134): CodeIgniter\View\View->render('templates/topbar', [], true)
 5 APPPATH\Controllers\Regsosek2022.php(50): view('templates/topbar')
 6 SYSTEMPATH\CodeIgniter.php(927): App\Controllers\Regsosek2022->index()
 7 SYSTEMPATH\CodeIgniter.php(482): CodeIgniter\CodeIgniter->runController(Object(App\Controllers\Regsosek2022))
 8 SYSTEMPATH\CodeIgniter.php(351): CodeIgniter\CodeIgniter->handleRequest(null, Object(Config\Cache), false)
 9 FCPATH\index.php(67): CodeIgniter\CodeIgniter->run()
10 SYSTEMPATH\Commands\Server\rewrite.php(46): require_once('FCPATH\\index.php')
CRITICAL - 2022-12-21 08:48:41 --> Undefined variable $nama
in APPPATH\Views\templates\sidebar.php on line 16.
 1 APPPATH\Views\templates\sidebar.php(16): CodeIgniter\Debug\Exceptions->errorHandler(2, 'Undefined variable $nama', 'APPPATH\\Views\\templates\\sidebar.php', 16)
 2 SYSTEMPATH\View\View.php(213): include('APPPATH\\Views\\templates\\sidebar.php')
 3 SYSTEMPATH\View\View.php(216): CodeIgniter\View\View->CodeIgniter\View\{closure}()
 4 SYSTEMPATH\Common.php(1134): CodeIgniter\View\View->render('templates/sidebar', [], true)
 5 APPPATH\Controllers\Mitra.php(30): view('templates/sidebar')
 6 SYSTEMPATH\CodeIgniter.php(927): App\Controllers\Mitra->index()
 7 SYSTEMPATH\CodeIgniter.php(482): CodeIgniter\CodeIgniter->runController(Object(App\Controllers\Mitra))
 8 SYSTEMPATH\CodeIgniter.php(351): CodeIgniter\CodeIgniter->handleRequest(null, Object(Config\Cache), false)
 9 FCPATH\index.php(67): CodeIgniter\CodeIgniter->run()
10 SYSTEMPATH\Commands\Server\rewrite.php(46): require_once('FCPATH\\index.php')
CRITICAL - 2022-12-21 08:51:09 --> Undefined variable $nama
in APPPATH\Views\templates\sidebar.php on line 16.
 1 APPPATH\Views\templates\sidebar.php(16): CodeIgniter\Debug\Exceptions->errorHandler(2, 'Undefined variable $nama', 'APPPATH\\Views\\templates\\sidebar.php', 16)
 2 SYSTEMPATH\View\View.php(213): include('APPPATH\\Views\\templates\\sidebar.php')
 3 SYSTEMPATH\View\View.php(216): CodeIgniter\View\View->CodeIgniter\View\{closure}()
 4 SYSTEMPATH\Common.php(1134): CodeIgniter\View\View->render('templates/sidebar', [], true)
 5 APPPATH\Controllers\Home.php(10): view('templates/sidebar')
 6 SYSTEMPATH\CodeIgniter.php(927): App\Controllers\Home->index()
 7 SYSTEMPATH\CodeIgniter.php(482): CodeIgniter\CodeIgniter->runController(Object(App\Controllers\Home))
 8 SYSTEMPATH\CodeIgniter.php(351): CodeIgniter\CodeIgniter->handleRequest(null, Object(Config\Cache), false)
 9 FCPATH\index.php(67): CodeIgniter\CodeIgniter->run()
10 SYSTEMPATH\Commands\Server\rewrite.php(46): require_once('FCPATH\\index.php')
CRITICAL - 2022-12-21 08:51:09 --> Undefined variable $nama
in APPPATH\Views\templates\sidebar.php on line 16.
 1 APPPATH\Views\templates\sidebar.php(16): CodeIgniter\Debug\Exceptions->errorHandler(2, 'Undefined variable $nama', 'APPPATH\\Views\\templates\\sidebar.php', 16)
 2 SYSTEMPATH\View\View.php(213): include('APPPATH\\Views\\templates\\sidebar.php')
 3 SYSTEMPATH\View\View.php(216): CodeIgniter\View\View->CodeIgniter\View\{closure}()
 4 SYSTEMPATH\Common.php(1134): CodeIgniter\View\View->render('templates/sidebar', [], true)
 5 APPPATH\Controllers\Home.php(10): view('templates/sidebar')
 6 SYSTEMPATH\CodeIgniter.php(927): App\Controllers\Home->index()
 7 SYSTEMPATH\CodeIgniter.php(482): CodeIgniter\CodeIgniter->runController(Object(App\Controllers\Home))
 8 SYSTEMPATH\CodeIgniter.php(351): CodeIgniter\CodeIgniter->handleRequest(null, Object(Config\Cache), false)
 9 FCPATH\index.php(67): CodeIgniter\CodeIgniter->run()
10 SYSTEMPATH\Commands\Server\rewrite.php(46): require_once('FCPATH\\index.php')
CRITICAL - 2022-12-21 08:57:21 --> Undefined variable $nama
in APPPATH\Views\templates\sidebar.php on line 16.
 1 APPPATH\Views\templates\sidebar.php(16): CodeIgniter\Debug\Exceptions->errorHandler(2, 'Undefined variable $nama', 'APPPATH\\Views\\templates\\sidebar.php', 16)
 2 SYSTEMPATH\View\View.php(213): include('APPPATH\\Views\\templates\\sidebar.php')
 3 SYSTEMPATH\View\View.php(216): CodeIgniter\View\View->CodeIgniter\View\{closure}()
 4 SYSTEMPATH\Common.php(1134): CodeIgniter\View\View->render('templates/sidebar', [], true)
 5 APPPATH\Controllers\Regsosek2022.php(50): view('templates/sidebar')
 6 SYSTEMPATH\CodeIgniter.php(927): App\Controllers\Regsosek2022->absensi()
 7 SYSTEMPATH\CodeIgniter.php(482): CodeIgniter\CodeIgniter->runController(Object(App\Controllers\Regsosek2022))
 8 SYSTEMPATH\CodeIgniter.php(351): CodeIgniter\CodeIgniter->handleRequest(null, Object(Config\Cache), false)
 9 FCPATH\index.php(67): CodeIgniter\CodeIgniter->run()
10 SYSTEMPATH\Commands\Server\rewrite.php(46): require_once('FCPATH\\index.php')
CRITICAL - 2022-12-21 23:02:27 --> Invalid file: regsosek2022/petugas.php
in SYSTEMPATH\Exceptions\FrameworkException.php on line 33.
 1 SYSTEMPATH\View\View.php(201): CodeIgniter\Exceptions\FrameworkException::forInvalidFile('regsosek2022/petugas.php')
 2 SYSTEMPATH\Common.php(1134): CodeIgniter\View\View->render('regsosek2022/petugas', [], true)
 3 APPPATH\Controllers\Regsosek2022.php(216): view('regsosek2022/petugas', [...])
 4 SYSTEMPATH\CodeIgniter.php(927): App\Controllers\Regsosek2022->petugas()
 5 SYSTEMPATH\CodeIgniter.php(482): CodeIgniter\CodeIgniter->runController(Object(App\Controllers\Regsosek2022))
 6 SYSTEMPATH\CodeIgniter.php(351): CodeIgniter\CodeIgniter->handleRequest(null, Object(Config\Cache), false)
 7 FCPATH\index.php(67): CodeIgniter\CodeIgniter->run()
 8 SYSTEMPATH\Commands\Server\rewrite.php(46): require_once('FCPATH\\index.php')
