ERROR - 2022-12-23 08:39:30 --> Error connecting to the database: mysqli_sql_exception: No connection could be made because the target machine actively refused it in C:\xampp\htdocs\mitra-regsosek\vendor\codeigniter4\framework\system\Database\MySQLi\Connection.php:171
Stack trace:
#0 C:\xampp\htdocs\mitra-regsosek\vendor\codeigniter4\framework\system\Database\MySQLi\Connection.php(171): mysqli->real_connect('localhost', 'root', '', 'bps1206', 3306, '', 0)
#1 C:\xampp\htdocs\mitra-regsosek\vendor\codeigniter4\framework\system\Database\BaseConnection.php(382): CodeIgniter\Database\MySQLi\Connection->connect(false)
#2 C:\xampp\htdocs\mitra-regsosek\vendor\codeigniter4\framework\system\Database\BaseConnection.php(561): CodeIgniter\Database\BaseConnection->initialize()
#3 C:\xampp\htdocs\mitra-regsosek\vendor\codeigniter4\framework\system\Database\BaseBuilder.php(1585): CodeIgniter\Database\BaseConnection->query('SELECT *\nFROM `...', Array, false)
#4 C:\xampp\htdocs\mitra-regsosek\vendor\codeigniter4\framework\system\Model.php(250): CodeIgniter\Database\BaseBuilder->get()
#5 C:\xampp\htdocs\mitra-regsosek\vendor\codeigniter4\framework\system\BaseModel.php(623): CodeIgniter\Model->doFirst()
#6 C:\xampp\htdocs\mitra-regsosek\vendor\myth\auth\src\Authentication\LocalAuthenticator.php(140): CodeIgniter\BaseModel->first()
#7 C:\xampp\htdocs\mitra-regsosek\vendor\myth\auth\src\Authentication\LocalAuthenticator.php(19): Myth\Auth\Authentication\LocalAuthenticator->validate(Array, true)
#8 C:\xampp\htdocs\mitra-regsosek\vendor\myth\auth\src\Controllers\AuthController.php(89): Myth\Auth\Authentication\LocalAuthenticator->attempt(Array, false)
#9 C:\xampp\htdocs\mitra-regsosek\vendor\codeigniter4\framework\system\CodeIgniter.php(927): Myth\Auth\Controllers\AuthController->attemptLogin()
#10 C:\xampp\htdocs\mitra-regsosek\vendor\codeigniter4\framework\system\CodeIgniter.php(482): CodeIgniter\CodeIgniter->runController(Object(Myth\Auth\Controllers\AuthController))
#11 C:\xampp\htdocs\mitra-regsosek\vendor\codeigniter4\framework\system\CodeIgniter.php(351): CodeIgniter\CodeIgniter->handleRequest(NULL, Object(Config\Cache), false)
#12 C:\xampp\htdocs\mitra-regsosek\public\index.php(67): CodeIgniter\CodeIgniter->run()
#13 C:\xampp\htdocs\mitra-regsosek\vendor\codeigniter4\framework\system\Commands\Server\rewrite.php(46): require_once('C:\\xampp\\htdocs...')
#14 {main}

Next CodeIgniter\Database\Exceptions\DatabaseException: No connection could be made because the target machine actively refused it in C:\xampp\htdocs\mitra-regsosek\vendor\codeigniter4\framework\system\Database\MySQLi\Connection.php:215
Stack trace:
#0 C:\xampp\htdocs\mitra-regsosek\vendor\codeigniter4\framework\system\Database\BaseConnection.php(382): CodeIgniter\Database\MySQLi\Connection->connect(false)
#1 C:\xampp\htdocs\mitra-regsosek\vendor\codeigniter4\framework\system\Database\BaseConnection.php(561): CodeIgniter\Database\BaseConnection->initialize()
#2 C:\xampp\htdocs\mitra-regsosek\vendor\codeigniter4\framework\system\Database\BaseBuilder.php(1585): CodeIgniter\Database\BaseConnection->query('SELECT *\nFROM `...', Array, false)
#3 C:\xampp\htdocs\mitra-regsosek\vendor\codeigniter4\framework\system\Model.php(250): CodeIgniter\Database\BaseBuilder->get()
#4 C:\xampp\htdocs\mitra-regsosek\vendor\codeigniter4\framework\system\BaseModel.php(623): CodeIgniter\Model->doFirst()
#5 C:\xampp\htdocs\mitra-regsosek\vendor\myth\auth\src\Authentication\LocalAuthenticator.php(140): CodeIgniter\BaseModel->first()
#6 C:\xampp\htdocs\mitra-regsosek\vendor\myth\auth\src\Authentication\LocalAuthenticator.php(19): Myth\Auth\Authentication\LocalAuthenticator->validate(Array, true)
#7 C:\xampp\htdocs\mitra-regsosek\vendor\myth\auth\src\Controllers\AuthController.php(89): Myth\Auth\Authentication\LocalAuthenticator->attempt(Array, false)
#8 C:\xampp\htdocs\mitra-regsosek\vendor\codeigniter4\framework\system\CodeIgniter.php(927): Myth\Auth\Controllers\AuthController->attemptLogin()
#9 C:\xampp\htdocs\mitra-regsosek\vendor\codeigniter4\framework\system\CodeIgniter.php(482): CodeIgniter\CodeIgniter->runController(Object(Myth\Auth\Controllers\AuthController))
#10 C:\xampp\htdocs\mitra-regsosek\vendor\codeigniter4\framework\system\CodeIgniter.php(351): CodeIgniter\CodeIgniter->handleRequest(NULL, Object(Config\Cache), false)
#11 C:\xampp\htdocs\mitra-regsosek\public\index.php(67): CodeIgniter\CodeIgniter->run()
#12 C:\xampp\htdocs\mitra-regsosek\vendor\codeigniter4\framework\system\Commands\Server\rewrite.php(46): require_once('C:\\xampp\\htdocs...')
#13 {main}
CRITICAL - 2022-12-23 08:39:30 --> Unable to connect to the database.
Main connection [MySQLi]: No connection could be made because the target machine actively refused it
in SYSTEMPATH\Database\BaseConnection.php on line 418.
 1 SYSTEMPATH\Database\BaseConnection.php(561): CodeIgniter\Database\BaseConnection->initialize()
 2 SYSTEMPATH\Database\BaseBuilder.php(1585): CodeIgniter\Database\BaseConnection->query('SELECT *
FROM `users`
WHERE `email` = :email:
AND `users`.`deleted_at` IS NULL
 LIMIT 1', [...], false)
 3 SYSTEMPATH\Model.php(250): CodeIgniter\Database\BaseBuilder->get()
 4 SYSTEMPATH\BaseModel.php(623): CodeIgniter\Model->doFirst()
 5 VENDORPATH\myth\auth\src\Authentication\LocalAuthenticator.php(140): CodeIgniter\BaseModel->first()
 6 VENDORPATH\myth\auth\src\Authentication\LocalAuthenticator.php(19): Myth\Auth\Authentication\LocalAuthenticator->validate([...], true)
 7 VENDORPATH\myth\auth\src\Controllers\AuthController.php(89): Myth\Auth\Authentication\LocalAuthenticator->attempt([...], false)
 8 SYSTEMPATH\CodeIgniter.php(927): Myth\Auth\Controllers\AuthController->attemptLogin()
 9 SYSTEMPATH\CodeIgniter.php(482): CodeIgniter\CodeIgniter->runController(Object(Myth\Auth\Controllers\AuthController))
10 SYSTEMPATH\CodeIgniter.php(351): CodeIgniter\CodeIgniter->handleRequest(null, Object(Config\Cache), false)
11 FCPATH\index.php(67): CodeIgniter\CodeIgniter->run()
12 SYSTEMPATH\Commands\Server\rewrite.php(46): require_once('FCPATH\\index.php')
ERROR - 2022-12-23 15:03:17 --> mysqli_sql_exception: Unknown column 'status' in 'where clause' in C:\xampp\htdocs\mitra-regsosek\vendor\codeigniter4\framework\system\Database\MySQLi\Connection.php:292
Stack trace:
#0 C:\xampp\htdocs\mitra-regsosek\vendor\codeigniter4\framework\system\Database\MySQLi\Connection.php(292): mysqli->query('SELECT *\nFROM `...', 0)
#1 C:\xampp\htdocs\mitra-regsosek\vendor\codeigniter4\framework\system\Database\BaseConnection.php(666): CodeIgniter\Database\MySQLi\Connection->execute('SELECT *\nFROM `...')
#2 C:\xampp\htdocs\mitra-regsosek\vendor\codeigniter4\framework\system\Database\BaseConnection.php(593): CodeIgniter\Database\BaseConnection->simpleQuery('SELECT *\nFROM `...')
#3 C:\xampp\htdocs\mitra-regsosek\vendor\codeigniter4\framework\system\Database\BaseBuilder.php(1585): CodeIgniter\Database\BaseConnection->query('SELECT *\nFROM `...', Array, false)
#4 C:\xampp\htdocs\mitra-regsosek\app\Controllers\Regsosek2022.php(55): CodeIgniter\Database\BaseBuilder->get()
#5 C:\xampp\htdocs\mitra-regsosek\vendor\codeigniter4\framework\system\CodeIgniter.php(927): App\Controllers\Regsosek2022->absensi()
#6 C:\xampp\htdocs\mitra-regsosek\vendor\codeigniter4\framework\system\CodeIgniter.php(482): CodeIgniter\CodeIgniter->runController(Object(App\Controllers\Regsosek2022))
#7 C:\xampp\htdocs\mitra-regsosek\vendor\codeigniter4\framework\system\CodeIgniter.php(351): CodeIgniter\CodeIgniter->handleRequest(NULL, Object(Config\Cache), false)
#8 C:\xampp\htdocs\mitra-regsosek\public\index.php(67): CodeIgniter\CodeIgniter->run()
#9 C:\xampp\htdocs\mitra-regsosek\vendor\codeigniter4\framework\system\Commands\Server\rewrite.php(46): require_once('C:\\xampp\\htdocs...')
#10 {main}
CRITICAL - 2022-12-23 15:03:17 --> Unknown column 'status' in 'where clause'
in SYSTEMPATH\Database\MySQLi\Connection.php on line 292.
 1 SYSTEMPATH\Database\MySQLi\Connection.php(292): mysqli->query('SELECT *
FROM `regsosek2022_absensi` as `ab`
WHERE `email` = \'bernaldo.n70@gmail.com\'
AND `status` = \'datang\'
AND `tanggal` = \'2022-12-23\'', 0)
 2 SYSTEMPATH\Database\BaseConnection.php(666): CodeIgniter\Database\MySQLi\Connection->execute('SELECT *
FROM `regsosek2022_absensi` as `ab`
WHERE `email` = \'bernaldo.n70@gmail.com\'
AND `status` = \'datang\'
AND `tanggal` = \'2022-12-23\'')
 3 SYSTEMPATH\Database\BaseConnection.php(593): CodeIgniter\Database\BaseConnection->simpleQuery('SELECT *
FROM `regsosek2022_absensi` as `ab`
WHERE `email` = \'bernaldo.n70@gmail.com\'
AND `status` = \'datang\'
AND `tanggal` = \'2022-12-23\'')
 4 SYSTEMPATH\Database\BaseBuilder.php(1585): CodeIgniter\Database\BaseConnection->query('SELECT *
FROM `regsosek2022_absensi` as `ab`
WHERE `email` = :email:
AND `status` = :status:
AND `tanggal` = :tanggal:', [...], false)
 5 APPPATH\Controllers\Regsosek2022.php(55): CodeIgniter\Database\BaseBuilder->get()
 6 SYSTEMPATH\CodeIgniter.php(927): App\Controllers\Regsosek2022->absensi()
 7 SYSTEMPATH\CodeIgniter.php(482): CodeIgniter\CodeIgniter->runController(Object(App\Controllers\Regsosek2022))
 8 SYSTEMPATH\CodeIgniter.php(351): CodeIgniter\CodeIgniter->handleRequest(null, Object(Config\Cache), false)
 9 FCPATH\index.php(67): CodeIgniter\CodeIgniter->run()
10 SYSTEMPATH\Commands\Server\rewrite.php(46): require_once('FCPATH\\index.php')
CRITICAL - 2022-12-23 15:06:40 --> Undefined variable $datang
in APPPATH\Views\regsosek2022\absensi.php on line 23.
 1 APPPATH\Views\regsosek2022\absensi.php(23): CodeIgniter\Debug\Exceptions->errorHandler(2, 'Undefined variable $datang', 'APPPATH\\Views\\regsosek2022\\absensi.php', 23)
 2 SYSTEMPATH\View\View.php(213): include('APPPATH\\Views\\regsosek2022\\absensi.php')
 3 SYSTEMPATH\View\View.php(216): CodeIgniter\View\View->CodeIgniter\View\{closure}()
 4 SYSTEMPATH\Common.php(1134): CodeIgniter\View\View->render('regsosek2022/absensi', [], true)
 5 APPPATH\Controllers\Regsosek2022.php(63): view('regsosek2022/absensi', [...])
 6 SYSTEMPATH\CodeIgniter.php(927): App\Controllers\Regsosek2022->absensi()
 7 SYSTEMPATH\CodeIgniter.php(482): CodeIgniter\CodeIgniter->runController(Object(App\Controllers\Regsosek2022))
 8 SYSTEMPATH\CodeIgniter.php(351): CodeIgniter\CodeIgniter->handleRequest(null, Object(Config\Cache), false)
 9 FCPATH\index.php(67): CodeIgniter\CodeIgniter->run()
10 SYSTEMPATH\Commands\Server\rewrite.php(46): require_once('FCPATH\\index.php')
CRITICAL - 2022-12-23 15:10:39 --> Undefined array key "status"
in APPPATH\Controllers\Regsosek2022.php on line 76.
 1 APPPATH\Controllers\Regsosek2022.php(76): CodeIgniter\Debug\Exceptions->errorHandler(2, 'Undefined array key "status"', 'APPPATH\\Controllers\\Regsosek2022.php', 76)
 2 SYSTEMPATH\CodeIgniter.php(927): App\Controllers\Regsosek2022->absensi('pulang')
 3 SYSTEMPATH\CodeIgniter.php(482): CodeIgniter\CodeIgniter->runController(Object(App\Controllers\Regsosek2022))
 4 SYSTEMPATH\CodeIgniter.php(351): CodeIgniter\CodeIgniter->handleRequest(null, Object(Config\Cache), false)
 5 FCPATH\index.php(67): CodeIgniter\CodeIgniter->run()
 6 SYSTEMPATH\Commands\Server\rewrite.php(46): require_once('FCPATH\\index.php')
CRITICAL - 2022-12-23 15:12:47 --> Undefined array key "status"
in APPPATH\Controllers\Regsosek2022.php on line 76.
 1 APPPATH\Controllers\Regsosek2022.php(76): CodeIgniter\Debug\Exceptions->errorHandler(2, 'Undefined array key "status"', 'APPPATH\\Controllers\\Regsosek2022.php', 76)
 2 SYSTEMPATH\CodeIgniter.php(927): App\Controllers\Regsosek2022->absensi('pulang')
 3 SYSTEMPATH\CodeIgniter.php(482): CodeIgniter\CodeIgniter->runController(Object(App\Controllers\Regsosek2022))
 4 SYSTEMPATH\CodeIgniter.php(351): CodeIgniter\CodeIgniter->handleRequest(null, Object(Config\Cache), false)
 5 FCPATH\index.php(67): CodeIgniter\CodeIgniter->run()
 6 SYSTEMPATH\Commands\Server\rewrite.php(46): require_once('FCPATH\\index.php')
CRITICAL - 2022-12-23 15:12:55 --> Trying to access array offset on value of type null
in APPPATH\Views\regsosek2022\absensi.php on line 23.
 1 APPPATH\Views\regsosek2022\absensi.php(23): CodeIgniter\Debug\Exceptions->errorHandler(2, 'Trying to access array offset on value of type null', 'APPPATH\\Views\\regsosek2022\\absensi.php', 23)
 2 SYSTEMPATH\View\View.php(213): include('APPPATH\\Views\\regsosek2022\\absensi.php')
 3 SYSTEMPATH\View\View.php(216): CodeIgniter\View\View->CodeIgniter\View\{closure}()
 4 SYSTEMPATH\Common.php(1134): CodeIgniter\View\View->render('regsosek2022/absensi', [], true)
 5 APPPATH\Controllers\Regsosek2022.php(63): view('regsosek2022/absensi', [...])
 6 SYSTEMPATH\CodeIgniter.php(927): App\Controllers\Regsosek2022->absensi()
 7 SYSTEMPATH\CodeIgniter.php(482): CodeIgniter\CodeIgniter->runController(Object(App\Controllers\Regsosek2022))
 8 SYSTEMPATH\CodeIgniter.php(351): CodeIgniter\CodeIgniter->handleRequest(null, Object(Config\Cache), false)
 9 FCPATH\index.php(67): CodeIgniter\CodeIgniter->run()
10 SYSTEMPATH\Commands\Server\rewrite.php(46): require_once('FCPATH\\index.php')
CRITICAL - 2022-12-23 15:12:57 --> Trying to access array offset on value of type null
in APPPATH\Views\regsosek2022\absensi.php on line 23.
 1 APPPATH\Views\regsosek2022\absensi.php(23): CodeIgniter\Debug\Exceptions->errorHandler(2, 'Trying to access array offset on value of type null', 'APPPATH\\Views\\regsosek2022\\absensi.php', 23)
 2 SYSTEMPATH\View\View.php(213): include('APPPATH\\Views\\regsosek2022\\absensi.php')
 3 SYSTEMPATH\View\View.php(216): CodeIgniter\View\View->CodeIgniter\View\{closure}()
 4 SYSTEMPATH\Common.php(1134): CodeIgniter\View\View->render('regsosek2022/absensi', [], true)
 5 APPPATH\Controllers\Regsosek2022.php(63): view('regsosek2022/absensi', [...])
 6 SYSTEMPATH\CodeIgniter.php(927): App\Controllers\Regsosek2022->absensi()
 7 SYSTEMPATH\CodeIgniter.php(482): CodeIgniter\CodeIgniter->runController(Object(App\Controllers\Regsosek2022))
 8 SYSTEMPATH\CodeIgniter.php(351): CodeIgniter\CodeIgniter->handleRequest(null, Object(Config\Cache), false)
 9 FCPATH\index.php(67): CodeIgniter\CodeIgniter->run()
10 SYSTEMPATH\Commands\Server\rewrite.php(46): require_once('FCPATH\\index.php')
CRITICAL - 2022-12-23 15:12:58 --> Trying to access array offset on value of type null
in APPPATH\Views\regsosek2022\absensi.php on line 23.
 1 APPPATH\Views\regsosek2022\absensi.php(23): CodeIgniter\Debug\Exceptions->errorHandler(2, 'Trying to access array offset on value of type null', 'APPPATH\\Views\\regsosek2022\\absensi.php', 23)
 2 SYSTEMPATH\View\View.php(213): include('APPPATH\\Views\\regsosek2022\\absensi.php')
 3 SYSTEMPATH\View\View.php(216): CodeIgniter\View\View->CodeIgniter\View\{closure}()
 4 SYSTEMPATH\Common.php(1134): CodeIgniter\View\View->render('regsosek2022/absensi', [], true)
 5 APPPATH\Controllers\Regsosek2022.php(63): view('regsosek2022/absensi', [...])
 6 SYSTEMPATH\CodeIgniter.php(927): App\Controllers\Regsosek2022->absensi()
 7 SYSTEMPATH\CodeIgniter.php(482): CodeIgniter\CodeIgniter->runController(Object(App\Controllers\Regsosek2022))
 8 SYSTEMPATH\CodeIgniter.php(351): CodeIgniter\CodeIgniter->handleRequest(null, Object(Config\Cache), false)
 9 FCPATH\index.php(67): CodeIgniter\CodeIgniter->run()
10 SYSTEMPATH\Commands\Server\rewrite.php(46): require_once('FCPATH\\index.php')
CRITICAL - 2022-12-23 15:13:00 --> Trying to access array offset on value of type null
in APPPATH\Views\regsosek2022\absensi.php on line 23.
 1 APPPATH\Views\regsosek2022\absensi.php(23): CodeIgniter\Debug\Exceptions->errorHandler(2, 'Trying to access array offset on value of type null', 'APPPATH\\Views\\regsosek2022\\absensi.php', 23)
 2 SYSTEMPATH\View\View.php(213): include('APPPATH\\Views\\regsosek2022\\absensi.php')
 3 SYSTEMPATH\View\View.php(216): CodeIgniter\View\View->CodeIgniter\View\{closure}()
 4 SYSTEMPATH\Common.php(1134): CodeIgniter\View\View->render('regsosek2022/absensi', [], true)
 5 APPPATH\Controllers\Regsosek2022.php(63): view('regsosek2022/absensi', [...])
 6 SYSTEMPATH\CodeIgniter.php(927): App\Controllers\Regsosek2022->absensi()
 7 SYSTEMPATH\CodeIgniter.php(482): CodeIgniter\CodeIgniter->runController(Object(App\Controllers\Regsosek2022))
 8 SYSTEMPATH\CodeIgniter.php(351): CodeIgniter\CodeIgniter->handleRequest(null, Object(Config\Cache), false)
 9 FCPATH\index.php(67): CodeIgniter\CodeIgniter->run()
10 SYSTEMPATH\Commands\Server\rewrite.php(46): require_once('FCPATH\\index.php')
CRITICAL - 2022-12-23 15:13:06 --> Trying to access array offset on value of type null
in APPPATH\Views\regsosek2022\absensi.php on line 23.
 1 APPPATH\Views\regsosek2022\absensi.php(23): CodeIgniter\Debug\Exceptions->errorHandler(2, 'Trying to access array offset on value of type null', 'APPPATH\\Views\\regsosek2022\\absensi.php', 23)
 2 SYSTEMPATH\View\View.php(213): include('APPPATH\\Views\\regsosek2022\\absensi.php')
 3 SYSTEMPATH\View\View.php(216): CodeIgniter\View\View->CodeIgniter\View\{closure}()
 4 SYSTEMPATH\Common.php(1134): CodeIgniter\View\View->render('regsosek2022/absensi', [], true)
 5 APPPATH\Controllers\Regsosek2022.php(63): view('regsosek2022/absensi', [...])
 6 SYSTEMPATH\CodeIgniter.php(927): App\Controllers\Regsosek2022->absensi()
 7 SYSTEMPATH\CodeIgniter.php(482): CodeIgniter\CodeIgniter->runController(Object(App\Controllers\Regsosek2022))
 8 SYSTEMPATH\CodeIgniter.php(351): CodeIgniter\CodeIgniter->handleRequest(null, Object(Config\Cache), false)
 9 FCPATH\index.php(67): CodeIgniter\CodeIgniter->run()
10 SYSTEMPATH\Commands\Server\rewrite.php(46): require_once('FCPATH\\index.php')
CRITICAL - 2022-12-23 15:13:08 --> Trying to access array offset on value of type null
in APPPATH\Views\regsosek2022\absensi.php on line 23.
 1 APPPATH\Views\regsosek2022\absensi.php(23): CodeIgniter\Debug\Exceptions->errorHandler(2, 'Trying to access array offset on value of type null', 'APPPATH\\Views\\regsosek2022\\absensi.php', 23)
 2 SYSTEMPATH\View\View.php(213): include('APPPATH\\Views\\regsosek2022\\absensi.php')
 3 SYSTEMPATH\View\View.php(216): CodeIgniter\View\View->CodeIgniter\View\{closure}()
 4 SYSTEMPATH\Common.php(1134): CodeIgniter\View\View->render('regsosek2022/absensi', [], true)
 5 APPPATH\Controllers\Regsosek2022.php(63): view('regsosek2022/absensi', [...])
 6 SYSTEMPATH\CodeIgniter.php(927): App\Controllers\Regsosek2022->absensi()
 7 SYSTEMPATH\CodeIgniter.php(482): CodeIgniter\CodeIgniter->runController(Object(App\Controllers\Regsosek2022))
 8 SYSTEMPATH\CodeIgniter.php(351): CodeIgniter\CodeIgniter->handleRequest(null, Object(Config\Cache), false)
 9 FCPATH\index.php(67): CodeIgniter\CodeIgniter->run()
10 SYSTEMPATH\Commands\Server\rewrite.php(46): require_once('FCPATH\\index.php')
CRITICAL - 2022-12-23 15:13:08 --> Trying to access array offset on value of type null
in APPPATH\Views\regsosek2022\absensi.php on line 23.
 1 APPPATH\Views\regsosek2022\absensi.php(23): CodeIgniter\Debug\Exceptions->errorHandler(2, 'Trying to access array offset on value of type null', 'APPPATH\\Views\\regsosek2022\\absensi.php', 23)
 2 SYSTEMPATH\View\View.php(213): include('APPPATH\\Views\\regsosek2022\\absensi.php')
 3 SYSTEMPATH\View\View.php(216): CodeIgniter\View\View->CodeIgniter\View\{closure}()
 4 SYSTEMPATH\Common.php(1134): CodeIgniter\View\View->render('regsosek2022/absensi', [], true)
 5 APPPATH\Controllers\Regsosek2022.php(63): view('regsosek2022/absensi', [...])
 6 SYSTEMPATH\CodeIgniter.php(927): App\Controllers\Regsosek2022->absensi()
 7 SYSTEMPATH\CodeIgniter.php(482): CodeIgniter\CodeIgniter->runController(Object(App\Controllers\Regsosek2022))
 8 SYSTEMPATH\CodeIgniter.php(351): CodeIgniter\CodeIgniter->handleRequest(null, Object(Config\Cache), false)
 9 FCPATH\index.php(67): CodeIgniter\CodeIgniter->run()
10 SYSTEMPATH\Commands\Server\rewrite.php(46): require_once('FCPATH\\index.php')
CRITICAL - 2022-12-23 15:13:10 --> Trying to access array offset on value of type null
in APPPATH\Views\regsosek2022\absensi.php on line 23.
 1 APPPATH\Views\regsosek2022\absensi.php(23): CodeIgniter\Debug\Exceptions->errorHandler(2, 'Trying to access array offset on value of type null', 'APPPATH\\Views\\regsosek2022\\absensi.php', 23)
 2 SYSTEMPATH\View\View.php(213): include('APPPATH\\Views\\regsosek2022\\absensi.php')
 3 SYSTEMPATH\View\View.php(216): CodeIgniter\View\View->CodeIgniter\View\{closure}()
 4 SYSTEMPATH\Common.php(1134): CodeIgniter\View\View->render('regsosek2022/absensi', [], true)
 5 APPPATH\Controllers\Regsosek2022.php(63): view('regsosek2022/absensi', [...])
 6 SYSTEMPATH\CodeIgniter.php(927): App\Controllers\Regsosek2022->absensi()
 7 SYSTEMPATH\CodeIgniter.php(482): CodeIgniter\CodeIgniter->runController(Object(App\Controllers\Regsosek2022))
 8 SYSTEMPATH\CodeIgniter.php(351): CodeIgniter\CodeIgniter->handleRequest(null, Object(Config\Cache), false)
 9 FCPATH\index.php(67): CodeIgniter\CodeIgniter->run()
10 SYSTEMPATH\Commands\Server\rewrite.php(46): require_once('FCPATH\\index.php')
CRITICAL - 2022-12-23 15:13:11 --> Trying to access array offset on value of type null
in APPPATH\Views\regsosek2022\absensi.php on line 23.
 1 APPPATH\Views\regsosek2022\absensi.php(23): CodeIgniter\Debug\Exceptions->errorHandler(2, 'Trying to access array offset on value of type null', 'APPPATH\\Views\\regsosek2022\\absensi.php', 23)
 2 SYSTEMPATH\View\View.php(213): include('APPPATH\\Views\\regsosek2022\\absensi.php')
 3 SYSTEMPATH\View\View.php(216): CodeIgniter\View\View->CodeIgniter\View\{closure}()
 4 SYSTEMPATH\Common.php(1134): CodeIgniter\View\View->render('regsosek2022/absensi', [], true)
 5 APPPATH\Controllers\Regsosek2022.php(63): view('regsosek2022/absensi', [...])
 6 SYSTEMPATH\CodeIgniter.php(927): App\Controllers\Regsosek2022->absensi()
 7 SYSTEMPATH\CodeIgniter.php(482): CodeIgniter\CodeIgniter->runController(Object(App\Controllers\Regsosek2022))
 8 SYSTEMPATH\CodeIgniter.php(351): CodeIgniter\CodeIgniter->handleRequest(null, Object(Config\Cache), false)
 9 FCPATH\index.php(67): CodeIgniter\CodeIgniter->run()
10 SYSTEMPATH\Commands\Server\rewrite.php(46): require_once('FCPATH\\index.php')
CRITICAL - 2022-12-23 15:13:20 --> Trying to access array offset on value of type null
in APPPATH\Views\regsosek2022\absensi.php on line 23.
 1 APPPATH\Views\regsosek2022\absensi.php(23): CodeIgniter\Debug\Exceptions->errorHandler(2, 'Trying to access array offset on value of type null', 'APPPATH\\Views\\regsosek2022\\absensi.php', 23)
 2 SYSTEMPATH\View\View.php(213): include('APPPATH\\Views\\regsosek2022\\absensi.php')
 3 SYSTEMPATH\View\View.php(216): CodeIgniter\View\View->CodeIgniter\View\{closure}()
 4 SYSTEMPATH\Common.php(1134): CodeIgniter\View\View->render('regsosek2022/absensi', [], true)
 5 APPPATH\Controllers\Regsosek2022.php(63): view('regsosek2022/absensi', [...])
 6 SYSTEMPATH\CodeIgniter.php(927): App\Controllers\Regsosek2022->absensi()
 7 SYSTEMPATH\CodeIgniter.php(482): CodeIgniter\CodeIgniter->runController(Object(App\Controllers\Regsosek2022))
 8 SYSTEMPATH\CodeIgniter.php(351): CodeIgniter\CodeIgniter->handleRequest(null, Object(Config\Cache), false)
 9 FCPATH\index.php(67): CodeIgniter\CodeIgniter->run()
10 SYSTEMPATH\Commands\Server\rewrite.php(46): require_once('FCPATH\\index.php')
CRITICAL - 2022-12-23 15:14:08 --> Trying to access array offset on value of type null
in APPPATH\Views\regsosek2022\absensi.php on line 32.
 1 APPPATH\Views\regsosek2022\absensi.php(32): CodeIgniter\Debug\Exceptions->errorHandler(2, 'Trying to access array offset on value of type null', 'APPPATH\\Views\\regsosek2022\\absensi.php', 32)
 2 SYSTEMPATH\View\View.php(213): include('APPPATH\\Views\\regsosek2022\\absensi.php')
 3 SYSTEMPATH\View\View.php(216): CodeIgniter\View\View->CodeIgniter\View\{closure}()
 4 SYSTEMPATH\Common.php(1134): CodeIgniter\View\View->render('regsosek2022/absensi', [], true)
 5 APPPATH\Controllers\Regsosek2022.php(63): view('regsosek2022/absensi', [...])
 6 SYSTEMPATH\CodeIgniter.php(927): App\Controllers\Regsosek2022->absensi()
 7 SYSTEMPATH\CodeIgniter.php(482): CodeIgniter\CodeIgniter->runController(Object(App\Controllers\Regsosek2022))
 8 SYSTEMPATH\CodeIgniter.php(351): CodeIgniter\CodeIgniter->handleRequest(null, Object(Config\Cache), false)
 9 FCPATH\index.php(67): CodeIgniter\CodeIgniter->run()
10 SYSTEMPATH\Commands\Server\rewrite.php(46): require_once('FCPATH\\index.php')
CRITICAL - 2022-12-23 15:15:42 --> Trying to access array offset on value of type null
in APPPATH\Views\regsosek2022\absensi.php on line 32.
 1 APPPATH\Views\regsosek2022\absensi.php(32): CodeIgniter\Debug\Exceptions->errorHandler(2, 'Trying to access array offset on value of type null', 'APPPATH\\Views\\regsosek2022\\absensi.php', 32)
 2 SYSTEMPATH\View\View.php(213): include('APPPATH\\Views\\regsosek2022\\absensi.php')
 3 SYSTEMPATH\View\View.php(216): CodeIgniter\View\View->CodeIgniter\View\{closure}()
 4 SYSTEMPATH\Common.php(1134): CodeIgniter\View\View->render('regsosek2022/absensi', [], true)
 5 APPPATH\Controllers\Regsosek2022.php(63): view('regsosek2022/absensi', [...])
 6 SYSTEMPATH\CodeIgniter.php(927): App\Controllers\Regsosek2022->absensi()
 7 SYSTEMPATH\CodeIgniter.php(482): CodeIgniter\CodeIgniter->runController(Object(App\Controllers\Regsosek2022))
 8 SYSTEMPATH\CodeIgniter.php(351): CodeIgniter\CodeIgniter->handleRequest(null, Object(Config\Cache), false)
 9 FCPATH\index.php(67): CodeIgniter\CodeIgniter->run()
10 SYSTEMPATH\Commands\Server\rewrite.php(46): require_once('FCPATH\\index.php')
