ERROR - 2022-12-29 08:49:19 --> mysqli_sql_exception: Table 'bps1206.regsosek2022_entrian' doesn't exist in C:\xampp\htdocs\mitra-regsosek\vendor\codeigniter4\framework\system\Database\MySQLi\Connection.php:292
Stack trace:
#0 C:\xampp\htdocs\mitra-regsosek\vendor\codeigniter4\framework\system\Database\MySQLi\Connection.php(292): mysqli->query('SELECT `e`.*, `...', 0)
#1 C:\xampp\htdocs\mitra-regsosek\vendor\codeigniter4\framework\system\Database\BaseConnection.php(666): CodeIgniter\Database\MySQLi\Connection->execute('SELECT `e`.*, `...')
#2 C:\xampp\htdocs\mitra-regsosek\vendor\codeigniter4\framework\system\Database\BaseConnection.php(593): CodeIgniter\Database\BaseConnection->simpleQuery('SELECT `e`.*, `...')
#3 C:\xampp\htdocs\mitra-regsosek\vendor\codeigniter4\framework\system\Database\BaseBuilder.php(1585): CodeIgniter\Database\BaseConnection->query('SELECT `e`.*, `...', Array, false)
#4 C:\xampp\htdocs\mitra-regsosek\app\Controllers\Regsosek2022.php(96): CodeIgniter\Database\BaseBuilder->get()
#5 C:\xampp\htdocs\mitra-regsosek\vendor\codeigniter4\framework\system\CodeIgniter.php(927): App\Controllers\Regsosek2022->index()
#6 C:\xampp\htdocs\mitra-regsosek\vendor\codeigniter4\framework\system\CodeIgniter.php(482): CodeIgniter\CodeIgniter->runController(Object(App\Controllers\Regsosek2022))
#7 C:\xampp\htdocs\mitra-regsosek\vendor\codeigniter4\framework\system\CodeIgniter.php(351): CodeIgniter\CodeIgniter->handleRequest(NULL, Object(Config\Cache), false)
#8 C:\xampp\htdocs\mitra-regsosek\public\index.php(67): CodeIgniter\CodeIgniter->run()
#9 C:\xampp\htdocs\mitra-regsosek\vendor\codeigniter4\framework\system\Commands\Server\rewrite.php(46): require_once('C:\\xampp\\htdocs...')
#10 {main}
CRITICAL - 2022-12-29 08:49:19 --> Table 'bps1206.regsosek2022_entrian' doesn't exist
in SYSTEMPATH\Database\MySQLi\Connection.php on line 292.
 1 SYSTEMPATH\Database\MySQLi\Connection.php(292): mysqli->query('SELECT `e`.*, `u`.`nama`
FROM `regsosek2022_entrian` as `e`
LEFT JOIN `userinfo` as `u` ON `e`.`email` = `u`.`email`
ORDER BY `e`.`total`', 0)
 2 SYSTEMPATH\Database\BaseConnection.php(666): CodeIgniter\Database\MySQLi\Connection->execute('SELECT `e`.*, `u`.`nama`
FROM `regsosek2022_entrian` as `e`
LEFT JOIN `userinfo` as `u` ON `e`.`email` = `u`.`email`
ORDER BY `e`.`total`')
 3 SYSTEMPATH\Database\BaseConnection.php(593): CodeIgniter\Database\BaseConnection->simpleQuery('SELECT `e`.*, `u`.`nama`
FROM `regsosek2022_entrian` as `e`
LEFT JOIN `userinfo` as `u` ON `e`.`email` = `u`.`email`
ORDER BY `e`.`total`')
 4 SYSTEMPATH\Database\BaseBuilder.php(1585): CodeIgniter\Database\BaseConnection->query('SELECT `e`.*, `u`.`nama`
FROM `regsosek2022_entrian` as `e`
LEFT JOIN `userinfo` as `u` ON `e`.`email` = `u`.`email`
ORDER BY `e`.`total`', [], false)
 5 APPPATH\Controllers\Regsosek2022.php(96): CodeIgniter\Database\BaseBuilder->get()
 6 SYSTEMPATH\CodeIgniter.php(927): App\Controllers\Regsosek2022->index()
 7 SYSTEMPATH\CodeIgniter.php(482): CodeIgniter\CodeIgniter->runController(Object(App\Controllers\Regsosek2022))
 8 SYSTEMPATH\CodeIgniter.php(351): CodeIgniter\CodeIgniter->handleRequest(null, Object(Config\Cache), false)
 9 FCPATH\index.php(67): CodeIgniter\CodeIgniter->run()
10 SYSTEMPATH\Commands\Server\rewrite.php(46): require_once('FCPATH\\index.php')
