CRITICAL - 2023-02-08 07:54:39 --> move_uploaded_file(http://localhost:8080/images/phpE173.tmp): Failed to open stream: HTTP wrapper does not support writeable connections
in APPPATH\Controllers\Profil.php on line 58.
 1 [internal function]: CodeIgniter\Debug\Exceptions->errorHandler(2, 'move_uploaded_file(http://localhost:8080/images/phpE173.tmp): Failed to open stream: HTTP wrapper does not support writeable connections', 'APPPATH\\Controllers\\Profil.php', 58)
 2 APPPATH\Controllers\Profil.php(58): move_uploaded_file('C:\\xampp\\tmp\\phpE173.tmp', 'http://localhost:8080/images/phpE173.tmp')
 3 SYSTEMPATH\CodeIgniter.php(927): App\Controllers\Profil->edit()
 4 SYSTEMPATH\CodeIgniter.php(482): CodeIgniter\CodeIgniter->runController(Object(App\Controllers\Profil))
 5 SYSTEMPATH\CodeIgniter.php(351): CodeIgniter\CodeIgniter->handleRequest(null, Object(Config\Cache), false)
 6 FCPATH\index.php(67): CodeIgniter\CodeIgniter->run()
 7 SYSTEMPATH\Commands\Server\rewrite.php(46): require_once('FCPATH\\index.php')
CRITICAL - 2023-02-08 07:57:57 --> syntax error, unexpected identifier "dd"
in APPPATH\Controllers\Profil.php on line 57.
 1 SYSTEMPATH\Autoloader\Autoloader.php(259): CodeIgniter\Autoloader\Autoloader->includeFile('APPPATH\\Controllers\\Profil.php')
 2 SYSTEMPATH\Autoloader\Autoloader.php(237): CodeIgniter\Autoloader\Autoloader->loadInNamespace('App\\Controllers\\Profil')
 3 [internal function]: CodeIgniter\Autoloader\Autoloader->loadClass('App\\Controllers\\Profil')
 4 SYSTEMPATH\CodeIgniter.php(877): class_exists('\\App\\Controllers\\Profil', true)
 5 SYSTEMPATH\CodeIgniter.php(469): CodeIgniter\CodeIgniter->startController()
 6 SYSTEMPATH\CodeIgniter.php(351): CodeIgniter\CodeIgniter->handleRequest(null, Object(Config\Cache), false)
 7 FCPATH\index.php(67): CodeIgniter\CodeIgniter->run()
 8 SYSTEMPATH\Commands\Server\rewrite.php(46): require_once('FCPATH\\index.php')
CRITICAL - 2023-02-08 08:00:09 --> Call to a member function move() on null
in APPPATH\Controllers\Profil.php on line 51.
 1 SYSTEMPATH\CodeIgniter.php(927): App\Controllers\Profil->edit()
 2 SYSTEMPATH\CodeIgniter.php(482): CodeIgniter\CodeIgniter->runController(Object(App\Controllers\Profil))
 3 SYSTEMPATH\CodeIgniter.php(351): CodeIgniter\CodeIgniter->handleRequest(null, Object(Config\Cache), false)
 4 FCPATH\index.php(67): CodeIgniter\CodeIgniter->run()
 5 SYSTEMPATH\Commands\Server\rewrite.php(46): require_once('FCPATH\\index.php')
CRITICAL - 2023-02-08 08:03:38 --> Undefined variable $gambarrekening
in APPPATH\Views\profil\index.php on line 50.
 1 APPPATH\Views\profil\index.php(50): CodeIgniter\Debug\Exceptions->errorHandler(2, 'Undefined variable $gambarrekening', 'APPPATH\\Views\\profil\\index.php', 50)
 2 SYSTEMPATH\View\View.php(213): include('APPPATH\\Views\\profil\\index.php')
 3 SYSTEMPATH\View\View.php(216): CodeIgniter\View\View->CodeIgniter\View\{closure}()
 4 SYSTEMPATH\Common.php(1134): CodeIgniter\View\View->render('profil/index', [], true)
 5 APPPATH\Controllers\Profil.php(45): view('profil/index')
 6 SYSTEMPATH\CodeIgniter.php(927): App\Controllers\Profil->index()
 7 SYSTEMPATH\CodeIgniter.php(482): CodeIgniter\CodeIgniter->runController(Object(App\Controllers\Profil))
 8 SYSTEMPATH\CodeIgniter.php(351): CodeIgniter\CodeIgniter->handleRequest(null, Object(Config\Cache), false)
 9 FCPATH\index.php(67): CodeIgniter\CodeIgniter->run()
10 SYSTEMPATH\Commands\Server\rewrite.php(46): require_once('FCPATH\\index.php')
CRITICAL - 2023-02-08 08:10:14 --> fopen(http://localhost:8080/img/rekening/index.html): Failed to open stream: HTTP wrapper does not support writeable connections
in SYSTEMPATH\HTTP\Files\UploadedFile.php on line 179.
 1 [internal function]: CodeIgniter\Debug\Exceptions->errorHandler(2, 'fopen(http://localhost:8080/img/rekening/index.html): Failed to open stream: HTTP wrapper does not support writeable connections', 'SYSTEMPATH\\HTTP\\Files\\UploadedFile.php', 179)
 2 SYSTEMPATH\HTTP\Files\UploadedFile.php(179): fopen('http://localhost:8080/img/rekening/index.html', 'x+b')
 3 SYSTEMPATH\HTTP\Files\UploadedFile.php(130): CodeIgniter\HTTP\Files\UploadedFile->setPath('http://localhost:8080/img/rekening/')
 4 APPPATH\Controllers\Profil.php(52): CodeIgniter\HTTP\Files\UploadedFile->move('http://localhost:8080/img/rekening/')
 5 SYSTEMPATH\CodeIgniter.php(927): App\Controllers\Profil->edit()
 6 SYSTEMPATH\CodeIgniter.php(482): CodeIgniter\CodeIgniter->runController(Object(App\Controllers\Profil))
 7 SYSTEMPATH\CodeIgniter.php(351): CodeIgniter\CodeIgniter->handleRequest(null, Object(Config\Cache), false)
 8 FCPATH\index.php(67): CodeIgniter\CodeIgniter->run()
 9 SYSTEMPATH\Commands\Server\rewrite.php(46): require_once('FCPATH\\index.php')
CRITICAL - 2023-02-08 08:10:53 --> fopen(http://localhost:8080/img/rekening/index.html): Failed to open stream: HTTP wrapper does not support writeable connections
in SYSTEMPATH\HTTP\Files\UploadedFile.php on line 179.
 1 [internal function]: CodeIgniter\Debug\Exceptions->errorHandler(2, 'fopen(http://localhost:8080/img/rekening/index.html): Failed to open stream: HTTP wrapper does not support writeable connections', 'SYSTEMPATH\\HTTP\\Files\\UploadedFile.php', 179)
 2 SYSTEMPATH\HTTP\Files\UploadedFile.php(179): fopen('http://localhost:8080/img/rekening/index.html', 'x+b')
 3 SYSTEMPATH\HTTP\Files\UploadedFile.php(130): CodeIgniter\HTTP\Files\UploadedFile->setPath('http://localhost:8080/img/rekening/')
 4 APPPATH\Controllers\Profil.php(52): CodeIgniter\HTTP\Files\UploadedFile->move('http://localhost:8080/img/rekening/')
 5 SYSTEMPATH\CodeIgniter.php(927): App\Controllers\Profil->edit()
 6 SYSTEMPATH\CodeIgniter.php(482): CodeIgniter\CodeIgniter->runController(Object(App\Controllers\Profil))
 7 SYSTEMPATH\CodeIgniter.php(351): CodeIgniter\CodeIgniter->handleRequest(null, Object(Config\Cache), false)
 8 FCPATH\index.php(67): CodeIgniter\CodeIgniter->run()
 9 SYSTEMPATH\Commands\Server\rewrite.php(46): require_once('FCPATH\\index.php')
CRITICAL - 2023-02-08 08:11:14 --> fopen(http://localhost:8080/img/rekening/index.html): Failed to open stream: HTTP wrapper does not support writeable connections
in SYSTEMPATH\HTTP\Files\UploadedFile.php on line 179.
 1 [internal function]: CodeIgniter\Debug\Exceptions->errorHandler(2, 'fopen(http://localhost:8080/img/rekening/index.html): Failed to open stream: HTTP wrapper does not support writeable connections', 'SYSTEMPATH\\HTTP\\Files\\UploadedFile.php', 179)
 2 SYSTEMPATH\HTTP\Files\UploadedFile.php(179): fopen('http://localhost:8080/img/rekening/index.html', 'x+b')
 3 SYSTEMPATH\HTTP\Files\UploadedFile.php(130): CodeIgniter\HTTP\Files\UploadedFile->setPath('http://localhost:8080/img/rekening/')
 4 APPPATH\Controllers\Profil.php(52): CodeIgniter\HTTP\Files\UploadedFile->move('http://localhost:8080/img/rekening/')
 5 SYSTEMPATH\CodeIgniter.php(927): App\Controllers\Profil->edit()
 6 SYSTEMPATH\CodeIgniter.php(482): CodeIgniter\CodeIgniter->runController(Object(App\Controllers\Profil))
 7 SYSTEMPATH\CodeIgniter.php(351): CodeIgniter\CodeIgniter->handleRequest(null, Object(Config\Cache), false)
 8 FCPATH\index.php(67): CodeIgniter\CodeIgniter->run()
 9 SYSTEMPATH\Commands\Server\rewrite.php(46): require_once('FCPATH\\index.php')
CRITICAL - 2023-02-08 08:11:19 --> fopen(http://localhost:8080/img/rekening/index.html): Failed to open stream: HTTP wrapper does not support writeable connections
in SYSTEMPATH\HTTP\Files\UploadedFile.php on line 179.
 1 [internal function]: CodeIgniter\Debug\Exceptions->errorHandler(2, 'fopen(http://localhost:8080/img/rekening/index.html): Failed to open stream: HTTP wrapper does not support writeable connections', 'SYSTEMPATH\\HTTP\\Files\\UploadedFile.php', 179)
 2 SYSTEMPATH\HTTP\Files\UploadedFile.php(179): fopen('http://localhost:8080/img/rekening/index.html', 'x+b')
 3 SYSTEMPATH\HTTP\Files\UploadedFile.php(130): CodeIgniter\HTTP\Files\UploadedFile->setPath('http://localhost:8080/img/rekening/')
 4 APPPATH\Controllers\Profil.php(52): CodeIgniter\HTTP\Files\UploadedFile->move('http://localhost:8080/img/rekening/')
 5 SYSTEMPATH\CodeIgniter.php(927): App\Controllers\Profil->edit()
 6 SYSTEMPATH\CodeIgniter.php(482): CodeIgniter\CodeIgniter->runController(Object(App\Controllers\Profil))
 7 SYSTEMPATH\CodeIgniter.php(351): CodeIgniter\CodeIgniter->handleRequest(null, Object(Config\Cache), false)
 8 FCPATH\index.php(67): CodeIgniter\CodeIgniter->run()
 9 SYSTEMPATH\Commands\Server\rewrite.php(46): require_once('FCPATH\\index.php')
